2024-08-02 22:32:02,626 [MainThread] [INFO ]  Configurations: {'task_id': '', 'data': {'root': './datasets', 'dataset': 'cifar10', 'split_type': 'dir', 'min_size': 10, 'data_amount': 0.05, 'iid_fraction': 0.1, 'user': False, 'train_test_split': 0.9, 'class_per_client': 1, 'num_of_clients': 10, 'alpha': 0.5, 'weights': None}, 'model': 'resnet18', 'test_mode': 'test_in_server', 'test_method': 'average', 'server': {'track': False, 'rounds': 10, 'clients_per_round': 10, 'test_every': 1, 'save_model_every': 10, 'save_model_path': '', 'batch_size': 32, 'test_all': False, 'random_selection': True, 'aggregation_stragtegy': 'FedAvg', 'aggregation_content': 'all', 'mode': 'none', 'gas_p': 1000, 'base_agg': 'bulyan', 'partitioning_method': 'none'}, 'client': {'track': False, 'batch_size': 32, 'test_batch_size': 5, 'local_epoch': 1, 'optimizer': {'type': 'Adam', 'lr': 0.001, 'momentum': 0.9, 'weight_decay': 0}, 'seed': 0, 'local_test': False}, 'gpu': 1, 'distributed': {'backend': 'nccl', 'init_method': '', 'world_size': 0, 'rank': 0, 'local_rank': 0}, 'tracking': {'database': '', 'log_file': '', 'log_level': 'INFO', 'metric_file': '', 'save_every': 1}, 'resource_heterogeneous': {'simulate': False, 'hetero_type': 'real', 'level': 3, 'sleep_group_num': 1000, 'total_time': 1000, 'fraction': 1, 'grouping_strategy': 'greedy', 'initial_default_time': 5, 'default_time_momentum': 0.2}, 'seed': 0, 'attacker': {'byz_ratio': 0.2, 'lie': {'lie_z': 1.5}, 'bit_flip': {'flip_prob': 0.1}, 'min_sum': {'min_value': -1}, 'ipm': {'scale_factor': 0.01}}, 'is_distributed': False, 'device': 0}
2024-08-02 22:32:02,696 [MainThread] [INFO ]  Clients in total: 10
2024-08-02 22:32:02,863 [MainThread] [INFO ]  
-------- round 0 --------
2024-08-02 22:32:02,863 [MainThread] [INFO ]  --- start training ---
2024-08-02 22:32:30,403 [MainThread] [INFO ]  Server train time: 27.535703897476196
2024-08-02 22:32:30,404 [MainThread] [INFO ]  --- start testing ---
2024-08-02 22:32:32,291 [MainThread] [INFO ]  Test time 1.89s, Test loss: 0.08, Test accuracy: 10.00%
2024-08-02 22:32:32,291 [MainThread] [INFO ]  
-------- round 1 --------
2024-08-02 22:32:32,292 [MainThread] [INFO ]  --- start training ---
2024-08-02 22:32:56,682 [MainThread] [INFO ]  Server train time: 24.38924789428711
2024-08-02 22:32:56,683 [MainThread] [INFO ]  --- start testing ---
2024-08-02 22:32:58,292 [MainThread] [INFO ]  Test time 1.61s, Test loss: 0.08, Test accuracy: 13.14%
2024-08-02 22:32:58,293 [MainThread] [INFO ]  
-------- round 2 --------
2024-08-02 22:32:58,293 [MainThread] [INFO ]  --- start training ---
2024-08-02 22:33:23,022 [MainThread] [INFO ]  Server train time: 24.727922677993774
2024-08-02 22:33:23,023 [MainThread] [INFO ]  --- start testing ---
2024-08-02 22:33:24,476 [MainThread] [INFO ]  Test time 1.45s, Test loss: 0.05, Test accuracy: 41.42%
2024-08-02 22:33:24,477 [MainThread] [INFO ]  
-------- round 3 --------
2024-08-02 22:33:24,477 [MainThread] [INFO ]  --- start training ---
2024-08-02 22:33:47,409 [MainThread] [INFO ]  Server train time: 22.930405139923096
2024-08-02 22:33:47,409 [MainThread] [INFO ]  --- start testing ---
2024-08-02 22:33:48,956 [MainThread] [INFO ]  Test time 1.55s, Test loss: 0.04, Test accuracy: 52.42%
2024-08-02 22:33:48,956 [MainThread] [INFO ]  
-------- round 4 --------
2024-08-02 22:33:48,956 [MainThread] [INFO ]  --- start training ---
2024-08-02 22:34:13,364 [MainThread] [INFO ]  Server train time: 24.40643286705017
2024-08-02 22:34:13,365 [MainThread] [INFO ]  --- start testing ---
2024-08-02 22:34:15,111 [MainThread] [INFO ]  Test time 1.75s, Test loss: 0.04, Test accuracy: 57.82%
2024-08-02 22:34:15,112 [MainThread] [INFO ]  
-------- round 5 --------
2024-08-02 22:34:15,112 [MainThread] [INFO ]  --- start training ---
2024-08-02 22:34:39,762 [MainThread] [INFO ]  Server train time: 24.649070978164673
2024-08-02 22:34:39,763 [MainThread] [INFO ]  --- start testing ---
2024-08-02 22:34:41,390 [MainThread] [INFO ]  Test time 1.63s, Test loss: 0.03, Test accuracy: 61.21%
2024-08-02 22:34:41,391 [MainThread] [INFO ]  
-------- round 6 --------
2024-08-02 22:34:41,391 [MainThread] [INFO ]  --- start training ---
2024-08-02 22:35:05,952 [MainThread] [INFO ]  Server train time: 24.55957317352295
2024-08-02 22:35:05,953 [MainThread] [INFO ]  --- start testing ---
2024-08-02 22:35:07,468 [MainThread] [INFO ]  Test time 1.51s, Test loss: 0.03, Test accuracy: 64.63%
2024-08-02 22:35:07,468 [MainThread] [INFO ]  
-------- round 7 --------
2024-08-02 22:35:07,468 [MainThread] [INFO ]  --- start training ---
2024-08-02 22:35:31,987 [MainThread] [INFO ]  Server train time: 24.517298936843872
2024-08-02 22:35:31,987 [MainThread] [INFO ]  --- start testing ---
2024-08-02 22:35:33,487 [MainThread] [INFO ]  Test time 1.50s, Test loss: 0.03, Test accuracy: 66.28%
2024-08-02 22:35:33,487 [MainThread] [INFO ]  
-------- round 8 --------
2024-08-02 22:35:33,488 [MainThread] [INFO ]  --- start training ---
2024-08-02 22:35:57,945 [MainThread] [INFO ]  Server train time: 24.455400228500366
2024-08-02 22:35:57,945 [MainThread] [INFO ]  --- start testing ---
2024-08-02 22:35:59,681 [MainThread] [INFO ]  Test time 1.74s, Test loss: 0.03, Test accuracy: 68.22%
2024-08-02 22:35:59,682 [MainThread] [INFO ]  
-------- round 9 --------
2024-08-02 22:35:59,682 [MainThread] [INFO ]  --- start training ---
2024-08-02 22:36:23,865 [MainThread] [INFO ]  Server train time: 24.181675672531128
2024-08-02 22:36:23,865 [MainThread] [INFO ]  --- start testing ---
2024-08-02 22:36:25,582 [MainThread] [INFO ]  Test time 1.72s, Test loss: 0.03, Test accuracy: 70.45%
2024-08-02 22:36:25,674 [MainThread] [INFO ]  Model saved at /home/uceehow/AGDS/baselines/saved_models/_global_model_r_9.pth
2024-08-02 22:36:25,674 [MainThread] [INFO ]  Accuracies: [10.0, 13.14, 41.42, 52.42, 57.82, 61.21, 64.63, 66.28, 68.22, 70.45]
2024-08-02 22:36:25,674 [MainThread] [INFO ]  Cumulative training time: [29.46, 55.46, 81.65, 106.13, 132.28, 158.56, 184.64, 210.66, 236.85, 262.75]
2024-08-02 22:36:25,675 [MainThread] [INFO ]  Total training time 262.8s
