2024-08-02 21:24:29,818 [MainThread] [INFO ]  Configurations: {'task_id': '', 'data': {'root': './datasets', 'dataset': 'mnist', 'split_type': 'dir', 'min_size': 10, 'data_amount': 0.05, 'iid_fraction': 0.1, 'user': False, 'train_test_split': 0.9, 'class_per_client': 1, 'num_of_clients': 10, 'alpha': 0.5, 'weights': None}, 'model': 'lenet', 'test_mode': 'test_in_server', 'test_method': 'average', 'server': {'track': False, 'rounds': 3, 'clients_per_round': 5, 'test_every': 1, 'save_model_every': 10, 'save_model_path': '', 'batch_size': 32, 'test_all': False, 'random_selection': True, 'aggregation_stragtegy': 'FedAvg', 'aggregation_content': 'all', 'mode': 'agas', 'gas_p': 20, 'base_agg': 'bulyan', 'partitioning_method': 'none'}, 'client': {'track': False, 'batch_size': 32, 'test_batch_size': 5, 'local_epoch': 1, 'optimizer': {'type': 'Adam', 'lr': 0.001, 'momentum': 0.9, 'weight_decay': 0}, 'seed': 0, 'local_test': False}, 'gpu': 1, 'distributed': {'backend': 'nccl', 'init_method': '', 'world_size': 0, 'rank': 0, 'local_rank': 0}, 'tracking': {'database': '', 'log_file': '', 'log_level': 'INFO', 'metric_file': '', 'save_every': 1}, 'resource_heterogeneous': {'simulate': False, 'hetero_type': 'real', 'level': 3, 'sleep_group_num': 1000, 'total_time': 1000, 'fraction': 1, 'grouping_strategy': 'greedy', 'initial_default_time': 5, 'default_time_momentum': 0.2}, 'seed': 0, 'attacker': {'byz_ratio': 0.2, 'lie': {'lie_z': 1.5}, 'bit_flip': {'flip_prob': 0.1}, 'min_sum': {'min_value': -1}, 'ipm': {'scale_factor': 0.01}}, 'is_distributed': False, 'device': 0}
2024-08-02 21:24:29,939 [MainThread] [INFO ]  Clients in total: 10
2024-08-02 21:24:29,988 [MainThread] [INFO ]  
-------- round 0 --------
2024-08-02 21:24:29,988 [MainThread] [INFO ]  --- start training ---
2024-08-02 21:24:36,036 [MainThread] [INFO ]  Server train time: 6.04599666595459
2024-08-02 21:24:36,037 [MainThread] [INFO ]  --- start testing ---
2024-08-02 21:24:37,297 [MainThread] [INFO ]  Test time 1.26s, Test loss: 0.00, Test accuracy: 97.30%
2024-08-02 21:24:37,297 [MainThread] [INFO ]  
-------- round 1 --------
2024-08-02 21:24:37,297 [MainThread] [INFO ]  --- start training ---
2024-08-02 21:24:42,151 [MainThread] [INFO ]  Server train time: 4.852786540985107
2024-08-02 21:24:42,151 [MainThread] [INFO ]  --- start testing ---
2024-08-02 21:24:43,568 [MainThread] [INFO ]  Test time 1.42s, Test loss: 0.00, Test accuracy: 98.52%
2024-08-02 21:24:43,568 [MainThread] [INFO ]  
-------- round 2 --------
2024-08-02 21:24:43,569 [MainThread] [INFO ]  --- start training ---
2024-08-02 21:24:48,101 [MainThread] [INFO ]  Server train time: 4.531379222869873
2024-08-02 21:24:48,101 [MainThread] [INFO ]  --- start testing ---
2024-08-02 21:24:49,416 [MainThread] [INFO ]  Test time 1.31s, Test loss: 0.00, Test accuracy: 98.81%
2024-08-02 21:24:49,476 [MainThread] [INFO ]  Model saved at /home/uceehow/AGDS/baselines/saved_models/_global_model_r_2.pth
2024-08-02 21:24:49,476 [MainThread] [INFO ]  Accuracies: [97.3, 98.52, 98.81]
2024-08-02 21:24:49,476 [MainThread] [INFO ]  Cumulative training time: [7.36, 13.63, 19.48]
2024-08-02 21:24:49,477 [MainThread] [INFO ]  Total training time 19.5s
