2024-08-02 23:43:59,706 [MainThread] [INFO ]  Configurations: {'task_id': '', 'data': {'root': './datasets', 'dataset': 'cifar10', 'split_type': 'dir', 'min_size': 10, 'data_amount': 0.05, 'iid_fraction': 0.1, 'user': False, 'train_test_split': 0.9, 'class_per_client': 1, 'num_of_clients': 10, 'alpha': 0.5, 'weights': None}, 'model': 'resnet18', 'test_mode': 'test_in_server', 'test_method': 'average', 'server': {'track': False, 'rounds': 10, 'clients_per_round': 10, 'test_every': 1, 'save_model_every': 10, 'save_model_path': '', 'batch_size': 32, 'test_all': False, 'random_selection': True, 'aggregation_stragtegy': 'FedAvg', 'aggregation_content': 'all', 'mode': 'agas', 'gas_p': 1000, 'base_agg': 'bulyan', 'partitioning_method': 'kmeans'}, 'client': {'track': False, 'batch_size': 32, 'test_batch_size': 5, 'local_epoch': 1, 'optimizer': {'type': 'Adam', 'lr': 0.001, 'momentum': 0.9, 'weight_decay': 0}, 'seed': 0, 'local_test': False}, 'gpu': 1, 'distributed': {'backend': 'nccl', 'init_method': '', 'world_size': 0, 'rank': 0, 'local_rank': 0}, 'tracking': {'database': '', 'log_file': '', 'log_level': 'INFO', 'metric_file': '', 'save_every': 1}, 'resource_heterogeneous': {'simulate': False, 'hetero_type': 'real', 'level': 3, 'sleep_group_num': 1000, 'total_time': 1000, 'fraction': 1, 'grouping_strategy': 'greedy', 'initial_default_time': 5, 'default_time_momentum': 0.2}, 'seed': 0, 'attacker': {'byz_ratio': 0.2, 'lie': {'lie_z': 1.5}, 'bit_flip': {'flip_prob': 0.1}, 'min_sum': {'min_value': -1}, 'ipm': {'scale_factor': 0.01}}, 'is_distributed': False, 'device': 0}
2024-08-02 23:43:59,776 [MainThread] [INFO ]  Clients in total: 10
2024-08-02 23:43:59,941 [MainThread] [INFO ]  
-------- round 0 --------
2024-08-02 23:43:59,941 [MainThread] [INFO ]  --- start training ---
2024-08-02 23:44:27,503 [MainThread] [INFO ]  Server train time: 27.561367511749268
2024-08-02 23:44:27,504 [MainThread] [INFO ]  --- start testing ---
2024-08-02 23:44:29,404 [MainThread] [INFO ]  Test time 1.90s, Test loss: 0.08, Test accuracy: 10.00%
2024-08-02 23:44:29,404 [MainThread] [INFO ]  
-------- round 1 --------
2024-08-02 23:44:29,405 [MainThread] [INFO ]  --- start training ---
2024-08-02 23:44:53,854 [MainThread] [INFO ]  Server train time: 24.44776725769043
2024-08-02 23:44:53,855 [MainThread] [INFO ]  --- start testing ---
2024-08-02 23:44:55,580 [MainThread] [INFO ]  Test time 1.72s, Test loss: 0.08, Test accuracy: 14.47%
2024-08-02 23:44:55,580 [MainThread] [INFO ]  
-------- round 2 --------
2024-08-02 23:44:55,581 [MainThread] [INFO ]  --- start training ---
2024-08-02 23:45:19,697 [MainThread] [INFO ]  Server train time: 24.115065336227417
2024-08-02 23:45:19,697 [MainThread] [INFO ]  --- start testing ---
2024-08-02 23:45:21,235 [MainThread] [INFO ]  Test time 1.54s, Test loss: 0.05, Test accuracy: 41.15%
2024-08-02 23:45:21,236 [MainThread] [INFO ]  
-------- round 3 --------
2024-08-02 23:45:21,236 [MainThread] [INFO ]  --- start training ---
2024-08-02 23:45:45,761 [MainThread] [INFO ]  Server train time: 24.523844480514526
2024-08-02 23:45:45,762 [MainThread] [INFO ]  --- start testing ---
2024-08-02 23:45:47,252 [MainThread] [INFO ]  Test time 1.49s, Test loss: 0.04, Test accuracy: 52.22%
2024-08-02 23:45:47,253 [MainThread] [INFO ]  
-------- round 4 --------
2024-08-02 23:45:47,253 [MainThread] [INFO ]  --- start training ---
2024-08-02 23:46:11,502 [MainThread] [INFO ]  Server train time: 24.24776792526245
2024-08-02 23:46:11,502 [MainThread] [INFO ]  --- start testing ---
2024-08-02 23:46:13,093 [MainThread] [INFO ]  Test time 1.59s, Test loss: 0.04, Test accuracy: 57.37%
2024-08-02 23:46:13,094 [MainThread] [INFO ]  
-------- round 5 --------
2024-08-02 23:46:13,094 [MainThread] [INFO ]  --- start training ---
2024-08-02 23:46:37,173 [MainThread] [INFO ]  Server train time: 24.07784914970398
2024-08-02 23:46:37,174 [MainThread] [INFO ]  --- start testing ---
2024-08-02 23:46:38,835 [MainThread] [INFO ]  Test time 1.66s, Test loss: 0.03, Test accuracy: 60.46%
2024-08-02 23:46:38,835 [MainThread] [INFO ]  
-------- round 6 --------
2024-08-02 23:46:38,836 [MainThread] [INFO ]  --- start training ---
2024-08-02 23:47:03,289 [MainThread] [INFO ]  Server train time: 24.452005624771118
2024-08-02 23:47:03,289 [MainThread] [INFO ]  --- start testing ---
2024-08-02 23:47:04,795 [MainThread] [INFO ]  Test time 1.50s, Test loss: 0.03, Test accuracy: 64.22%
2024-08-02 23:47:04,795 [MainThread] [INFO ]  
-------- round 7 --------
2024-08-02 23:47:04,795 [MainThread] [INFO ]  --- start training ---
2024-08-02 23:47:28,879 [MainThread] [INFO ]  Server train time: 24.082776069641113
2024-08-02 23:47:28,880 [MainThread] [INFO ]  --- start testing ---
2024-08-02 23:47:30,417 [MainThread] [INFO ]  Test time 1.54s, Test loss: 0.03, Test accuracy: 66.62%
2024-08-02 23:47:30,418 [MainThread] [INFO ]  
-------- round 8 --------
2024-08-02 23:47:30,418 [MainThread] [INFO ]  --- start training ---
2024-08-02 23:47:54,580 [MainThread] [INFO ]  Server train time: 24.160770416259766
2024-08-02 23:47:54,580 [MainThread] [INFO ]  --- start testing ---
2024-08-02 23:47:56,219 [MainThread] [INFO ]  Test time 1.64s, Test loss: 0.03, Test accuracy: 68.86%
2024-08-02 23:47:56,220 [MainThread] [INFO ]  
-------- round 9 --------
2024-08-02 23:47:56,220 [MainThread] [INFO ]  --- start training ---
2024-08-02 23:48:20,225 [MainThread] [INFO ]  Server train time: 24.004216194152832
2024-08-02 23:48:20,226 [MainThread] [INFO ]  --- start testing ---
2024-08-02 23:48:21,942 [MainThread] [INFO ]  Test time 1.72s, Test loss: 0.03, Test accuracy: 69.87%
2024-08-02 23:48:22,026 [MainThread] [INFO ]  Model saved at /home/uceehow/AGDS/baselines/saved_models/_global_model_r_9.pth
2024-08-02 23:48:22,027 [MainThread] [INFO ]  Accuracies: [10.0, 14.47, 41.15, 52.22, 57.37, 60.46, 64.22, 66.62, 68.86, 69.87]
2024-08-02 23:48:22,027 [MainThread] [INFO ]  Cumulative training time: [29.5, 55.68, 81.33, 107.35, 133.19, 158.93, 184.89, 210.52, 236.32, 262.04]
2024-08-02 23:48:22,028 [MainThread] [INFO ]  Total training time 262.1s
