2024-08-02 22:48:43,460 [MainThread] [INFO ]  Configurations: {'task_id': '', 'data': {'root': './datasets', 'dataset': 'cifar10', 'split_type': 'dir', 'min_size': 10, 'data_amount': 0.05, 'iid_fraction': 0.1, 'user': False, 'train_test_split': 0.9, 'class_per_client': 1, 'num_of_clients': 10, 'alpha': 0.5, 'weights': None}, 'model': 'resnet18', 'test_mode': 'test_in_server', 'test_method': 'average', 'server': {'track': False, 'rounds': 10, 'clients_per_round': 10, 'test_every': 1, 'save_model_every': 10, 'save_model_path': '', 'batch_size': 32, 'test_all': False, 'random_selection': True, 'aggregation_stragtegy': 'FedAvg', 'aggregation_content': 'all', 'mode': 'agas', 'gas_p': 1000, 'base_agg': 'bulyan', 'partitioning_method': 'none'}, 'client': {'track': False, 'batch_size': 32, 'test_batch_size': 5, 'local_epoch': 1, 'optimizer': {'type': 'Adam', 'lr': 0.001, 'momentum': 0.9, 'weight_decay': 0}, 'seed': 0, 'local_test': False}, 'gpu': 1, 'distributed': {'backend': 'nccl', 'init_method': '', 'world_size': 0, 'rank': 0, 'local_rank': 0}, 'tracking': {'database': '', 'log_file': '', 'log_level': 'INFO', 'metric_file': '', 'save_every': 1}, 'resource_heterogeneous': {'simulate': False, 'hetero_type': 'real', 'level': 3, 'sleep_group_num': 1000, 'total_time': 1000, 'fraction': 1, 'grouping_strategy': 'greedy', 'initial_default_time': 5, 'default_time_momentum': 0.2}, 'seed': 0, 'attacker': {'byz_ratio': 0.2, 'lie': {'lie_z': 1.5}, 'bit_flip': {'flip_prob': 0.1}, 'min_sum': {'min_value': -1}, 'ipm': {'scale_factor': 0.01}}, 'is_distributed': False, 'device': 0}
2024-08-02 22:48:43,529 [MainThread] [INFO ]  Clients in total: 10
2024-08-02 22:48:43,655 [MainThread] [INFO ]  
-------- round 0 --------
2024-08-02 22:48:43,655 [MainThread] [INFO ]  --- start training ---
2024-08-02 22:49:10,671 [MainThread] [INFO ]  Server train time: 27.014950275421143
2024-08-02 22:49:10,672 [MainThread] [INFO ]  --- start testing ---
2024-08-02 22:49:12,509 [MainThread] [INFO ]  Test time 1.84s, Test loss: 0.08, Test accuracy: 10.00%
2024-08-02 22:49:12,510 [MainThread] [INFO ]  
-------- round 1 --------
2024-08-02 22:49:12,510 [MainThread] [INFO ]  --- start training ---
2024-08-02 22:49:36,363 [MainThread] [INFO ]  Server train time: 23.852015018463135
2024-08-02 22:49:36,364 [MainThread] [INFO ]  --- start testing ---
2024-08-02 22:49:38,074 [MainThread] [INFO ]  Test time 1.71s, Test loss: 0.08, Test accuracy: 14.82%
2024-08-02 22:49:38,074 [MainThread] [INFO ]  
-------- round 2 --------
2024-08-02 22:49:38,074 [MainThread] [INFO ]  --- start training ---
2024-08-02 22:50:01,759 [MainThread] [INFO ]  Server train time: 23.684043884277344
2024-08-02 22:50:01,760 [MainThread] [INFO ]  --- start testing ---
2024-08-02 22:50:03,260 [MainThread] [INFO ]  Test time 1.50s, Test loss: 0.05, Test accuracy: 42.13%
2024-08-02 22:50:03,261 [MainThread] [INFO ]  
-------- round 3 --------
2024-08-02 22:50:03,261 [MainThread] [INFO ]  --- start training ---
2024-08-02 22:50:27,523 [MainThread] [INFO ]  Server train time: 24.26080846786499
2024-08-02 22:50:27,524 [MainThread] [INFO ]  --- start testing ---
2024-08-02 22:50:29,129 [MainThread] [INFO ]  Test time 1.60s, Test loss: 0.04, Test accuracy: 51.21%
2024-08-02 22:50:29,130 [MainThread] [INFO ]  
-------- round 4 --------
2024-08-02 22:50:29,130 [MainThread] [INFO ]  --- start training ---
2024-08-02 22:50:52,511 [MainThread] [INFO ]  Server train time: 23.380337715148926
2024-08-02 22:50:52,512 [MainThread] [INFO ]  --- start testing ---
2024-08-02 22:50:54,222 [MainThread] [INFO ]  Test time 1.71s, Test loss: 0.04, Test accuracy: 56.74%
2024-08-02 22:50:54,223 [MainThread] [INFO ]  
-------- round 5 --------
2024-08-02 22:50:54,223 [MainThread] [INFO ]  --- start training ---
2024-08-02 22:51:17,398 [MainThread] [INFO ]  Server train time: 23.1738018989563
2024-08-02 22:51:17,398 [MainThread] [INFO ]  --- start testing ---
2024-08-02 22:51:19,024 [MainThread] [INFO ]  Test time 1.63s, Test loss: 0.03, Test accuracy: 60.88%
2024-08-02 22:51:19,025 [MainThread] [INFO ]  
-------- round 6 --------
2024-08-02 22:51:19,025 [MainThread] [INFO ]  --- start training ---
2024-08-02 22:51:42,091 [MainThread] [INFO ]  Server train time: 23.06515407562256
2024-08-02 22:51:42,092 [MainThread] [INFO ]  --- start testing ---
2024-08-02 22:51:43,796 [MainThread] [INFO ]  Test time 1.70s, Test loss: 0.03, Test accuracy: 63.57%
2024-08-02 22:51:43,796 [MainThread] [INFO ]  
-------- round 7 --------
2024-08-02 22:51:43,797 [MainThread] [INFO ]  --- start training ---
2024-08-02 22:52:06,771 [MainThread] [INFO ]  Server train time: 22.973187685012817
2024-08-02 22:52:06,771 [MainThread] [INFO ]  --- start testing ---
2024-08-02 22:52:08,446 [MainThread] [INFO ]  Test time 1.67s, Test loss: 0.03, Test accuracy: 66.52%
2024-08-02 22:52:08,446 [MainThread] [INFO ]  
-------- round 8 --------
2024-08-02 22:52:08,447 [MainThread] [INFO ]  --- start training ---
2024-08-02 22:52:31,275 [MainThread] [INFO ]  Server train time: 22.82773780822754
2024-08-02 22:52:31,276 [MainThread] [INFO ]  --- start testing ---
2024-08-02 22:52:32,972 [MainThread] [INFO ]  Test time 1.70s, Test loss: 0.03, Test accuracy: 67.66%
2024-08-02 22:52:32,972 [MainThread] [INFO ]  
-------- round 9 --------
2024-08-02 22:52:32,972 [MainThread] [INFO ]  --- start training ---
2024-08-02 22:52:56,031 [MainThread] [INFO ]  Server train time: 23.05808138847351
2024-08-02 22:52:56,032 [MainThread] [INFO ]  --- start testing ---
2024-08-02 22:52:57,751 [MainThread] [INFO ]  Test time 1.72s, Test loss: 0.03, Test accuracy: 69.42%
2024-08-02 22:52:57,834 [MainThread] [INFO ]  Model saved at /home/uceehow/AGDS/baselines/saved_models/_global_model_r_9.pth
2024-08-02 22:52:57,835 [MainThread] [INFO ]  Accuracies: [10.0, 14.82, 42.13, 51.21, 56.74, 60.88, 63.57, 66.52, 67.66, 69.42]
2024-08-02 22:52:57,835 [MainThread] [INFO ]  Cumulative training time: [28.89, 54.45, 79.64, 105.51, 130.6, 155.4, 180.18, 204.83, 229.35, 254.13]
2024-08-02 22:52:57,835 [MainThread] [INFO ]  Total training time 254.2s
