2024-08-02 21:10:15,109 [MainThread] [INFO ]  Configurations: {'task_id': '', 'data': {'root': './datasets', 'dataset': 'mnist', 'split_type': 'dir', 'min_size': 10, 'data_amount': 0.05, 'iid_fraction': 0.1, 'user': False, 'train_test_split': 0.9, 'class_per_client': 1, 'num_of_clients': 10, 'alpha': 0.5, 'weights': None}, 'model': 'lenet', 'test_mode': 'test_in_server', 'test_method': 'average', 'server': {'track': False, 'rounds': 3, 'clients_per_round': 5, 'test_every': 1, 'save_model_every': 10, 'save_model_path': '', 'batch_size': 32, 'test_all': False, 'random_selection': True, 'aggregation_stragtegy': 'FedAvg', 'aggregation_content': 'all', 'mode': 'gas', 'gas_p': 20, 'base_agg': 'bulyan', 'partitioning_method': 'kmeans'}, 'client': {'track': False, 'batch_size': 32, 'test_batch_size': 5, 'local_epoch': 1, 'optimizer': {'type': 'Adam', 'lr': 0.001, 'momentum': 0.9, 'weight_decay': 0}, 'seed': 0, 'local_test': False}, 'gpu': 1, 'distributed': {'backend': 'nccl', 'init_method': '', 'world_size': 0, 'rank': 0, 'local_rank': 0}, 'tracking': {'database': '', 'log_file': '', 'log_level': 'INFO', 'metric_file': '', 'save_every': 1}, 'resource_heterogeneous': {'simulate': False, 'hetero_type': 'real', 'level': 3, 'sleep_group_num': 1000, 'total_time': 1000, 'fraction': 1, 'grouping_strategy': 'greedy', 'initial_default_time': 5, 'default_time_momentum': 0.2}, 'seed': 0, 'attacker': {'byz_ratio': 0.2, 'lie': {'lie_z': 1.5}, 'bit_flip': {'flip_prob': 0.1}, 'min_sum': {'min_value': -1}, 'ipm': {'scale_factor': 0.01}}, 'is_distributed': False, 'device': 0}
2024-08-02 21:10:15,167 [MainThread] [INFO ]  Clients in total: 10
2024-08-02 21:10:15,189 [MainThread] [INFO ]  
-------- round 0 --------
2024-08-02 21:10:15,189 [MainThread] [INFO ]  --- start training ---
2024-08-02 21:10:21,111 [MainThread] [INFO ]  Server train time: 5.921147584915161
2024-08-02 21:10:21,112 [MainThread] [INFO ]  --- start testing ---
2024-08-02 21:10:22,225 [MainThread] [INFO ]  Test time 1.11s, Test loss: 0.00, Test accuracy: 97.33%
2024-08-02 21:10:22,225 [MainThread] [INFO ]  
-------- round 1 --------
2024-08-02 21:10:22,226 [MainThread] [INFO ]  --- start training ---
2024-08-02 21:10:26,632 [MainThread] [INFO ]  Server train time: 4.405161619186401
2024-08-02 21:10:26,632 [MainThread] [INFO ]  --- start testing ---
2024-08-02 21:10:27,849 [MainThread] [INFO ]  Test time 1.22s, Test loss: 0.00, Test accuracy: 98.33%
2024-08-02 21:10:27,850 [MainThread] [INFO ]  
-------- round 2 --------
2024-08-02 21:10:27,850 [MainThread] [INFO ]  --- start training ---
2024-08-02 21:10:32,513 [MainThread] [INFO ]  Server train time: 4.662339210510254
2024-08-02 21:10:32,514 [MainThread] [INFO ]  --- start testing ---
2024-08-02 21:10:33,866 [MainThread] [INFO ]  Test time 1.35s, Test loss: 0.00, Test accuracy: 98.75%
2024-08-02 21:10:33,928 [MainThread] [INFO ]  Model saved at /home/uceehow/AGDS/baselines/saved_models/_global_model_r_2.pth
2024-08-02 21:10:33,928 [MainThread] [INFO ]  Accuracies: [97.33, 98.33, 98.75]
2024-08-02 21:10:33,928 [MainThread] [INFO ]  Cumulative training time: [7.06, 12.68, 18.7]
2024-08-02 21:10:33,929 [MainThread] [INFO ]  Total training time 18.8s
