2024-08-02 22:37:33,648 [MainThread] [INFO ]  Configurations: {'task_id': '', 'data': {'root': './datasets', 'dataset': 'cifar10', 'split_type': 'dir', 'min_size': 10, 'data_amount': 0.05, 'iid_fraction': 0.1, 'user': False, 'train_test_split': 0.9, 'class_per_client': 1, 'num_of_clients': 10, 'alpha': 0.5, 'weights': None}, 'model': 'resnet18', 'test_mode': 'test_in_server', 'test_method': 'average', 'server': {'track': False, 'rounds': 10, 'clients_per_round': 10, 'test_every': 1, 'save_model_every': 10, 'save_model_path': '', 'batch_size': 32, 'test_all': False, 'random_selection': True, 'aggregation_stragtegy': 'FedAvg', 'aggregation_content': 'all', 'mode': 'none', 'gas_p': 1000, 'base_agg': 'bulyan', 'partitioning_method': 'none'}, 'client': {'track': False, 'batch_size': 32, 'test_batch_size': 5, 'local_epoch': 1, 'optimizer': {'type': 'Adam', 'lr': 0.001, 'momentum': 0.9, 'weight_decay': 0}, 'seed': 0, 'local_test': False}, 'gpu': 1, 'distributed': {'backend': 'nccl', 'init_method': '', 'world_size': 0, 'rank': 0, 'local_rank': 0}, 'tracking': {'database': '', 'log_file': '', 'log_level': 'INFO', 'metric_file': '', 'save_every': 1}, 'resource_heterogeneous': {'simulate': False, 'hetero_type': 'real', 'level': 3, 'sleep_group_num': 1000, 'total_time': 1000, 'fraction': 1, 'grouping_strategy': 'greedy', 'initial_default_time': 5, 'default_time_momentum': 0.2}, 'seed': 0, 'attacker': {'byz_ratio': 0.2, 'lie': {'lie_z': 1.5}, 'bit_flip': {'flip_prob': 0.1}, 'min_sum': {'min_value': -1}, 'ipm': {'scale_factor': 0.01}}, 'is_distributed': False, 'device': 0}
2024-08-02 22:37:33,718 [MainThread] [INFO ]  Clients in total: 10
2024-08-02 22:37:33,901 [MainThread] [INFO ]  
-------- round 0 --------
2024-08-02 22:37:33,902 [MainThread] [INFO ]  --- start training ---
2024-08-02 22:38:01,331 [MainThread] [INFO ]  Server train time: 27.42824363708496
2024-08-02 22:38:01,332 [MainThread] [INFO ]  --- start testing ---
2024-08-02 22:38:03,227 [MainThread] [INFO ]  Test time 1.90s, Test loss: 0.08, Test accuracy: 10.17%
2024-08-02 22:38:03,228 [MainThread] [INFO ]  
-------- round 1 --------
2024-08-02 22:38:03,228 [MainThread] [INFO ]  --- start training ---
2024-08-02 22:38:27,728 [MainThread] [INFO ]  Server train time: 24.49834680557251
2024-08-02 22:38:27,729 [MainThread] [INFO ]  --- start testing ---
2024-08-02 22:38:29,313 [MainThread] [INFO ]  Test time 1.58s, Test loss: 0.08, Test accuracy: 13.55%
2024-08-02 22:38:29,314 [MainThread] [INFO ]  
-------- round 2 --------
2024-08-02 22:38:29,314 [MainThread] [INFO ]  --- start training ---
2024-08-02 22:38:53,628 [MainThread] [INFO ]  Server train time: 24.31238102912903
2024-08-02 22:38:53,628 [MainThread] [INFO ]  --- start testing ---
2024-08-02 22:38:55,247 [MainThread] [INFO ]  Test time 1.62s, Test loss: 0.05, Test accuracy: 37.24%
2024-08-02 22:38:55,247 [MainThread] [INFO ]  
-------- round 3 --------
2024-08-02 22:38:55,247 [MainThread] [INFO ]  --- start training ---
2024-08-02 22:39:19,590 [MainThread] [INFO ]  Server train time: 24.341044425964355
2024-08-02 22:39:19,591 [MainThread] [INFO ]  --- start testing ---
2024-08-02 22:39:21,089 [MainThread] [INFO ]  Test time 1.50s, Test loss: 0.04, Test accuracy: 54.22%
2024-08-02 22:39:21,090 [MainThread] [INFO ]  
-------- round 4 --------
2024-08-02 22:39:21,090 [MainThread] [INFO ]  --- start training ---
2024-08-02 22:39:45,422 [MainThread] [INFO ]  Server train time: 24.33172369003296
2024-08-02 22:39:45,423 [MainThread] [INFO ]  --- start testing ---
2024-08-02 22:39:47,156 [MainThread] [INFO ]  Test time 1.73s, Test loss: 0.04, Test accuracy: 57.70%
2024-08-02 22:39:47,157 [MainThread] [INFO ]  
-------- round 5 --------
2024-08-02 22:39:47,157 [MainThread] [INFO ]  --- start training ---
2024-08-02 22:40:11,160 [MainThread] [INFO ]  Server train time: 24.001561403274536
2024-08-02 22:40:11,161 [MainThread] [INFO ]  --- start testing ---
2024-08-02 22:40:12,890 [MainThread] [INFO ]  Test time 1.73s, Test loss: 0.03, Test accuracy: 61.76%
2024-08-02 22:40:12,890 [MainThread] [INFO ]  
-------- round 6 --------
2024-08-02 22:40:12,891 [MainThread] [INFO ]  --- start training ---
2024-08-02 22:40:37,062 [MainThread] [INFO ]  Server train time: 24.17036008834839
2024-08-02 22:40:37,062 [MainThread] [INFO ]  --- start testing ---
2024-08-02 22:40:38,643 [MainThread] [INFO ]  Test time 1.58s, Test loss: 0.03, Test accuracy: 64.82%
2024-08-02 22:40:38,644 [MainThread] [INFO ]  
-------- round 7 --------
2024-08-02 22:40:38,644 [MainThread] [INFO ]  --- start training ---
2024-08-02 22:41:02,901 [MainThread] [INFO ]  Server train time: 24.25577735900879
2024-08-02 22:41:02,901 [MainThread] [INFO ]  --- start testing ---
2024-08-02 22:41:04,485 [MainThread] [INFO ]  Test time 1.58s, Test loss: 0.03, Test accuracy: 67.40%
2024-08-02 22:41:04,486 [MainThread] [INFO ]  
-------- round 8 --------
2024-08-02 22:41:04,486 [MainThread] [INFO ]  --- start training ---
2024-08-02 22:41:28,847 [MainThread] [INFO ]  Server train time: 24.360023021697998
2024-08-02 22:41:28,848 [MainThread] [INFO ]  --- start testing ---
2024-08-02 22:41:30,428 [MainThread] [INFO ]  Test time 1.58s, Test loss: 0.03, Test accuracy: 68.61%
2024-08-02 22:41:30,429 [MainThread] [INFO ]  
-------- round 9 --------
2024-08-02 22:41:30,429 [MainThread] [INFO ]  --- start training ---
2024-08-02 22:41:54,941 [MainThread] [INFO ]  Server train time: 24.51140069961548
2024-08-02 22:41:54,942 [MainThread] [INFO ]  --- start testing ---
2024-08-02 22:41:56,453 [MainThread] [INFO ]  Test time 1.51s, Test loss: 0.03, Test accuracy: 70.73%
2024-08-02 22:41:56,542 [MainThread] [INFO ]  Model saved at /home/uceehow/AGDS/baselines/saved_models/_global_model_r_9.pth
2024-08-02 22:41:56,543 [MainThread] [INFO ]  Accuracies: [10.17, 13.55, 37.24, 54.22, 57.7, 61.76, 64.82, 67.4, 68.61, 70.73]
2024-08-02 22:41:56,543 [MainThread] [INFO ]  Cumulative training time: [29.4, 55.49, 81.42, 107.26, 133.33, 159.06, 184.82, 210.66, 236.6, 262.62]
2024-08-02 22:41:56,543 [MainThread] [INFO ]  Total training time 262.7s
