2024-08-02 23:31:04,525 [MainThread] [INFO ]  Configurations: {'task_id': '', 'data': {'root': './datasets', 'dataset': 'cifar10', 'split_type': 'dir', 'min_size': 10, 'data_amount': 0.05, 'iid_fraction': 0.1, 'user': False, 'train_test_split': 0.9, 'class_per_client': 1, 'num_of_clients': 10, 'alpha': 0.5, 'weights': None}, 'model': 'resnet18', 'test_mode': 'test_in_server', 'test_method': 'average', 'server': {'track': False, 'rounds': 10, 'clients_per_round': 10, 'test_every': 1, 'save_model_every': 10, 'save_model_path': '', 'batch_size': 32, 'test_all': False, 'random_selection': True, 'aggregation_stragtegy': 'FedAvg', 'aggregation_content': 'all', 'mode': 'gas', 'gas_p': 1000, 'base_agg': 'bulyan', 'partitioning_method': 'none'}, 'client': {'track': False, 'batch_size': 32, 'test_batch_size': 5, 'local_epoch': 1, 'optimizer': {'type': 'Adam', 'lr': 0.001, 'momentum': 0.9, 'weight_decay': 0}, 'seed': 0, 'local_test': False}, 'gpu': 1, 'distributed': {'backend': 'nccl', 'init_method': '', 'world_size': 0, 'rank': 0, 'local_rank': 0}, 'tracking': {'database': '', 'log_file': '', 'log_level': 'INFO', 'metric_file': '', 'save_every': 1}, 'resource_heterogeneous': {'simulate': False, 'hetero_type': 'real', 'level': 3, 'sleep_group_num': 1000, 'total_time': 1000, 'fraction': 1, 'grouping_strategy': 'greedy', 'initial_default_time': 5, 'default_time_momentum': 0.2}, 'seed': 0, 'attacker': {'byz_ratio': 0.2, 'lie': {'lie_z': 1.5}, 'bit_flip': {'flip_prob': 0.1}, 'min_sum': {'min_value': -1}, 'ipm': {'scale_factor': 0.01}}, 'is_distributed': False, 'device': 0}
2024-08-02 23:31:04,595 [MainThread] [INFO ]  Clients in total: 10
2024-08-02 23:31:04,737 [MainThread] [INFO ]  
-------- round 0 --------
2024-08-02 23:31:04,737 [MainThread] [INFO ]  --- start training ---
2024-08-02 23:31:18,974 [MainThread] [INFO ]  Server train time: 14.2359778881073
2024-08-02 23:31:18,975 [MainThread] [INFO ]  --- start testing ---
2024-08-02 23:31:19,747 [MainThread] [INFO ]  Test time 0.77s, Test loss: 0.08, Test accuracy: 10.15%
2024-08-02 23:31:19,748 [MainThread] [INFO ]  
-------- round 1 --------
2024-08-02 23:31:19,748 [MainThread] [INFO ]  --- start training ---
2024-08-02 23:31:32,419 [MainThread] [INFO ]  Server train time: 12.67059874534607
2024-08-02 23:31:32,420 [MainThread] [INFO ]  --- start testing ---
2024-08-02 23:31:33,154 [MainThread] [INFO ]  Test time 0.73s, Test loss: 0.08, Test accuracy: 11.73%
2024-08-02 23:31:33,155 [MainThread] [INFO ]  
-------- round 2 --------
2024-08-02 23:31:33,155 [MainThread] [INFO ]  --- start training ---
2024-08-02 23:31:45,880 [MainThread] [INFO ]  Server train time: 12.723806381225586
2024-08-02 23:31:45,881 [MainThread] [INFO ]  --- start testing ---
2024-08-02 23:31:46,603 [MainThread] [INFO ]  Test time 0.72s, Test loss: 0.05, Test accuracy: 43.26%
2024-08-02 23:31:46,603 [MainThread] [INFO ]  
-------- round 3 --------
2024-08-02 23:31:46,604 [MainThread] [INFO ]  --- start training ---
2024-08-02 23:31:59,223 [MainThread] [INFO ]  Server train time: 12.618090867996216
2024-08-02 23:31:59,223 [MainThread] [INFO ]  --- start testing ---
2024-08-02 23:31:59,956 [MainThread] [INFO ]  Test time 0.73s, Test loss: 0.04, Test accuracy: 52.59%
2024-08-02 23:31:59,957 [MainThread] [INFO ]  
-------- round 4 --------
2024-08-02 23:31:59,957 [MainThread] [INFO ]  --- start training ---
2024-08-02 23:32:12,548 [MainThread] [INFO ]  Server train time: 12.589879512786865
2024-08-02 23:32:12,548 [MainThread] [INFO ]  --- start testing ---
2024-08-02 23:32:13,279 [MainThread] [INFO ]  Test time 0.73s, Test loss: 0.04, Test accuracy: 57.28%
2024-08-02 23:32:13,280 [MainThread] [INFO ]  
-------- round 5 --------
2024-08-02 23:32:13,280 [MainThread] [INFO ]  --- start training ---
2024-08-02 23:32:25,819 [MainThread] [INFO ]  Server train time: 12.537691116333008
2024-08-02 23:32:25,819 [MainThread] [INFO ]  --- start testing ---
2024-08-02 23:32:26,535 [MainThread] [INFO ]  Test time 0.72s, Test loss: 0.03, Test accuracy: 61.11%
2024-08-02 23:32:26,535 [MainThread] [INFO ]  
-------- round 6 --------
2024-08-02 23:32:26,536 [MainThread] [INFO ]  --- start training ---
2024-08-02 23:32:39,258 [MainThread] [INFO ]  Server train time: 12.72063684463501
2024-08-02 23:32:39,258 [MainThread] [INFO ]  --- start testing ---
2024-08-02 23:32:39,999 [MainThread] [INFO ]  Test time 0.74s, Test loss: 0.03, Test accuracy: 63.68%
2024-08-02 23:32:40,000 [MainThread] [INFO ]  
-------- round 7 --------
2024-08-02 23:32:40,000 [MainThread] [INFO ]  --- start training ---
2024-08-02 23:32:52,627 [MainThread] [INFO ]  Server train time: 12.626155853271484
2024-08-02 23:32:52,628 [MainThread] [INFO ]  --- start testing ---
2024-08-02 23:32:53,361 [MainThread] [INFO ]  Test time 0.73s, Test loss: 0.03, Test accuracy: 66.50%
2024-08-02 23:32:53,361 [MainThread] [INFO ]  
-------- round 8 --------
2024-08-02 23:32:53,361 [MainThread] [INFO ]  --- start training ---
2024-08-02 23:33:05,983 [MainThread] [INFO ]  Server train time: 12.620704889297485
2024-08-02 23:33:05,983 [MainThread] [INFO ]  --- start testing ---
2024-08-02 23:33:06,725 [MainThread] [INFO ]  Test time 0.74s, Test loss: 0.03, Test accuracy: 68.40%
2024-08-02 23:33:06,725 [MainThread] [INFO ]  
-------- round 9 --------
2024-08-02 23:33:06,725 [MainThread] [INFO ]  --- start training ---
2024-08-02 23:33:19,381 [MainThread] [INFO ]  Server train time: 12.654317378997803
2024-08-02 23:33:19,381 [MainThread] [INFO ]  --- start testing ---
2024-08-02 23:33:20,124 [MainThread] [INFO ]  Test time 0.74s, Test loss: 0.03, Test accuracy: 70.03%
2024-08-02 23:33:20,219 [MainThread] [INFO ]  Model saved at /home/uceehow/AGDS/baselines/saved_models/_global_model_r_9.pth
2024-08-02 23:33:20,220 [MainThread] [INFO ]  Accuracies: [10.15, 11.73, 43.26, 52.59, 57.28, 61.11, 63.68, 66.5, 68.4, 70.03]
2024-08-02 23:33:20,220 [MainThread] [INFO ]  Cumulative training time: [15.05, 28.46, 41.91, 55.26, 68.59, 81.84, 95.31, 108.67, 122.03, 135.43]
2024-08-02 23:33:20,220 [MainThread] [INFO ]  Total training time 135.5s
