2024-08-02 22:58:32,779 [MainThread] [INFO ]  Configurations: {'task_id': '', 'data': {'root': './datasets', 'dataset': 'cifar10', 'split_type': 'dir', 'min_size': 10, 'data_amount': 0.05, 'iid_fraction': 0.1, 'user': False, 'train_test_split': 0.9, 'class_per_client': 1, 'num_of_clients': 10, 'alpha': 0.5, 'weights': None}, 'model': 'resnet18', 'test_mode': 'test_in_server', 'test_method': 'average', 'server': {'track': False, 'rounds': 10, 'clients_per_round': 10, 'test_every': 1, 'save_model_every': 10, 'save_model_path': '', 'batch_size': 32, 'test_all': False, 'random_selection': True, 'aggregation_stragtegy': 'FedAvg', 'aggregation_content': 'all', 'mode': 'agas', 'gas_p': 1000, 'base_agg': 'bulyan', 'partitioning_method': 'kmeans'}, 'client': {'track': False, 'batch_size': 32, 'test_batch_size': 5, 'local_epoch': 1, 'optimizer': {'type': 'Adam', 'lr': 0.001, 'momentum': 0.9, 'weight_decay': 0}, 'seed': 0, 'local_test': False}, 'gpu': 1, 'distributed': {'backend': 'nccl', 'init_method': '', 'world_size': 0, 'rank': 0, 'local_rank': 0}, 'tracking': {'database': '', 'log_file': '', 'log_level': 'INFO', 'metric_file': '', 'save_every': 1}, 'resource_heterogeneous': {'simulate': False, 'hetero_type': 'real', 'level': 3, 'sleep_group_num': 1000, 'total_time': 1000, 'fraction': 1, 'grouping_strategy': 'greedy', 'initial_default_time': 5, 'default_time_momentum': 0.2}, 'seed': 0, 'attacker': {'byz_ratio': 0.2, 'lie': {'lie_z': 1.5}, 'bit_flip': {'flip_prob': 0.1}, 'min_sum': {'min_value': -1}, 'ipm': {'scale_factor': 0.01}}, 'is_distributed': False, 'device': 0}
2024-08-02 22:58:32,836 [MainThread] [INFO ]  Clients in total: 10
2024-08-02 22:58:32,989 [MainThread] [INFO ]  
-------- round 0 --------
2024-08-02 22:58:32,989 [MainThread] [INFO ]  --- start training ---
2024-08-02 22:58:59,806 [MainThread] [INFO ]  Server train time: 26.815641403198242
2024-08-02 22:58:59,807 [MainThread] [INFO ]  --- start testing ---
2024-08-02 22:59:01,533 [MainThread] [INFO ]  Test time 1.73s, Test loss: 0.08, Test accuracy: 10.00%
2024-08-02 22:59:01,534 [MainThread] [INFO ]  
-------- round 1 --------
2024-08-02 22:59:01,534 [MainThread] [INFO ]  --- start training ---
2024-08-02 22:59:26,272 [MainThread] [INFO ]  Server train time: 24.7370765209198
2024-08-02 22:59:26,273 [MainThread] [INFO ]  --- start testing ---
2024-08-02 22:59:27,766 [MainThread] [INFO ]  Test time 1.49s, Test loss: 0.08, Test accuracy: 13.12%
2024-08-02 22:59:27,766 [MainThread] [INFO ]  
-------- round 2 --------
2024-08-02 22:59:27,767 [MainThread] [INFO ]  --- start training ---
2024-08-02 22:59:51,392 [MainThread] [INFO ]  Server train time: 23.624200344085693
2024-08-02 22:59:51,393 [MainThread] [INFO ]  --- start testing ---
2024-08-02 22:59:52,981 [MainThread] [INFO ]  Test time 1.59s, Test loss: 0.05, Test accuracy: 43.46%
2024-08-02 22:59:52,982 [MainThread] [INFO ]  
-------- round 3 --------
2024-08-02 22:59:52,982 [MainThread] [INFO ]  --- start training ---
2024-08-02 23:00:17,108 [MainThread] [INFO ]  Server train time: 24.125247955322266
2024-08-02 23:00:17,109 [MainThread] [INFO ]  --- start testing ---
2024-08-02 23:00:18,683 [MainThread] [INFO ]  Test time 1.57s, Test loss: 0.04, Test accuracy: 52.70%
2024-08-02 23:00:18,684 [MainThread] [INFO ]  
-------- round 4 --------
2024-08-02 23:00:18,684 [MainThread] [INFO ]  --- start training ---
2024-08-02 23:00:41,576 [MainThread] [INFO ]  Server train time: 22.890986919403076
2024-08-02 23:00:41,577 [MainThread] [INFO ]  --- start testing ---
2024-08-02 23:00:43,052 [MainThread] [INFO ]  Test time 1.47s, Test loss: 0.04, Test accuracy: 58.54%
2024-08-02 23:00:43,052 [MainThread] [INFO ]  
-------- round 5 --------
2024-08-02 23:00:43,053 [MainThread] [INFO ]  --- start training ---
2024-08-02 23:01:06,816 [MainThread] [INFO ]  Server train time: 23.761937856674194
2024-08-02 23:01:06,816 [MainThread] [INFO ]  --- start testing ---
2024-08-02 23:01:08,397 [MainThread] [INFO ]  Test time 1.58s, Test loss: 0.03, Test accuracy: 61.81%
2024-08-02 23:01:08,398 [MainThread] [INFO ]  
-------- round 6 --------
2024-08-02 23:01:08,398 [MainThread] [INFO ]  --- start training ---
2024-08-02 23:01:32,111 [MainThread] [INFO ]  Server train time: 23.711819410324097
2024-08-02 23:01:32,112 [MainThread] [INFO ]  --- start testing ---
2024-08-02 23:01:33,817 [MainThread] [INFO ]  Test time 1.71s, Test loss: 0.03, Test accuracy: 64.80%
2024-08-02 23:01:33,818 [MainThread] [INFO ]  
-------- round 7 --------
2024-08-02 23:01:33,818 [MainThread] [INFO ]  --- start training ---
2024-08-02 23:01:57,881 [MainThread] [INFO ]  Server train time: 24.06160545349121
2024-08-02 23:01:57,881 [MainThread] [INFO ]  --- start testing ---
2024-08-02 23:01:59,596 [MainThread] [INFO ]  Test time 1.71s, Test loss: 0.03, Test accuracy: 66.45%
2024-08-02 23:01:59,597 [MainThread] [INFO ]  
-------- round 8 --------
2024-08-02 23:01:59,597 [MainThread] [INFO ]  --- start training ---
2024-08-02 23:02:23,618 [MainThread] [INFO ]  Server train time: 24.019106149673462
2024-08-02 23:02:23,618 [MainThread] [INFO ]  --- start testing ---
2024-08-02 23:02:25,230 [MainThread] [INFO ]  Test time 1.61s, Test loss: 0.03, Test accuracy: 68.92%
2024-08-02 23:02:25,231 [MainThread] [INFO ]  
-------- round 9 --------
2024-08-02 23:02:25,231 [MainThread] [INFO ]  --- start training ---
2024-08-02 23:02:49,066 [MainThread] [INFO ]  Server train time: 23.833516836166382
2024-08-02 23:02:49,066 [MainThread] [INFO ]  --- start testing ---
2024-08-02 23:02:50,783 [MainThread] [INFO ]  Test time 1.72s, Test loss: 0.03, Test accuracy: 70.28%
2024-08-02 23:02:50,863 [MainThread] [INFO ]  Model saved at /home/uceehow/AGDS/baselines/saved_models/_global_model_r_9.pth
2024-08-02 23:02:50,864 [MainThread] [INFO ]  Accuracies: [10.0, 13.12, 43.46, 52.7, 58.54, 61.81, 64.8, 66.45, 68.92, 70.28]
2024-08-02 23:02:50,864 [MainThread] [INFO ]  Cumulative training time: [28.58, 54.81, 80.03, 105.73, 130.1, 155.44, 180.86, 206.64, 232.28, 257.83]
2024-08-02 23:02:50,864 [MainThread] [INFO ]  Total training time 257.9s
