2024-08-02 21:49:30,608 [MainThread] [INFO ]  Configurations: {'task_id': '', 'data': {'root': './datasets', 'dataset': 'cifar10', 'split_type': 'dir', 'min_size': 10, 'data_amount': 0.05, 'iid_fraction': 0.1, 'user': False, 'train_test_split': 0.9, 'class_per_client': 1, 'num_of_clients': 10, 'alpha': 0.5, 'weights': None}, 'model': 'resnet18', 'test_mode': 'test_in_server', 'test_method': 'average', 'server': {'track': False, 'rounds': 10, 'clients_per_round': 10, 'test_every': 1, 'save_model_every': 10, 'save_model_path': '', 'batch_size': 32, 'test_all': False, 'random_selection': True, 'aggregation_stragtegy': 'FedAvg', 'aggregation_content': 'all', 'mode': 'agas', 'gas_p': 1000, 'base_agg': 'bulyan', 'partitioning_method': 'kmeans'}, 'client': {'track': False, 'batch_size': 32, 'test_batch_size': 5, 'local_epoch': 1, 'optimizer': {'type': 'Adam', 'lr': 0.001, 'momentum': 0.9, 'weight_decay': 0}, 'seed': 0, 'local_test': False}, 'gpu': 1, 'distributed': {'backend': 'nccl', 'init_method': '', 'world_size': 0, 'rank': 0, 'local_rank': 0}, 'tracking': {'database': '', 'log_file': '', 'log_level': 'INFO', 'metric_file': '', 'save_every': 1}, 'resource_heterogeneous': {'simulate': False, 'hetero_type': 'real', 'level': 3, 'sleep_group_num': 1000, 'total_time': 1000, 'fraction': 1, 'grouping_strategy': 'greedy', 'initial_default_time': 5, 'default_time_momentum': 0.2}, 'seed': 0, 'attacker': {'byz_ratio': 0.2, 'lie': {'lie_z': 1.5}, 'bit_flip': {'flip_prob': 0.1}, 'min_sum': {'min_value': -1}, 'ipm': {'scale_factor': 0.01}}, 'is_distributed': False, 'device': 0}
2024-08-02 21:49:30,677 [MainThread] [INFO ]  Clients in total: 10
2024-08-02 21:49:30,952 [MainThread] [INFO ]  
-------- round 0 --------
2024-08-02 21:49:30,953 [MainThread] [INFO ]  --- start training ---
2024-08-02 21:49:55,900 [MainThread] [INFO ]  Server train time: 24.944894313812256
2024-08-02 21:49:55,901 [MainThread] [INFO ]  --- start testing ---
2024-08-02 21:49:57,646 [MainThread] [INFO ]  Test time 1.75s, Test loss: 0.08, Test accuracy: 10.30%
2024-08-02 21:49:57,647 [MainThread] [INFO ]  
-------- round 1 --------
2024-08-02 21:49:57,647 [MainThread] [INFO ]  --- start training ---
2024-08-02 21:50:20,133 [MainThread] [INFO ]  Server train time: 22.484760284423828
2024-08-02 21:50:20,134 [MainThread] [INFO ]  --- start testing ---
2024-08-02 21:50:21,645 [MainThread] [INFO ]  Test time 1.51s, Test loss: 0.08, Test accuracy: 14.29%
2024-08-02 21:50:21,646 [MainThread] [INFO ]  
-------- round 2 --------
2024-08-02 21:50:21,646 [MainThread] [INFO ]  --- start training ---
2024-08-02 21:50:44,390 [MainThread] [INFO ]  Server train time: 22.742544889450073
2024-08-02 21:50:44,391 [MainThread] [INFO ]  --- start testing ---
2024-08-02 21:50:45,709 [MainThread] [INFO ]  Test time 1.32s, Test loss: 0.05, Test accuracy: 46.66%
2024-08-02 21:50:45,710 [MainThread] [INFO ]  
-------- round 3 --------
2024-08-02 21:50:45,710 [MainThread] [INFO ]  --- start training ---
2024-08-02 21:51:08,605 [MainThread] [INFO ]  Server train time: 22.89358377456665
2024-08-02 21:51:08,605 [MainThread] [INFO ]  --- start testing ---
2024-08-02 21:51:10,015 [MainThread] [INFO ]  Test time 1.41s, Test loss: 0.04, Test accuracy: 52.82%
2024-08-02 21:51:10,015 [MainThread] [INFO ]  
-------- round 4 --------
2024-08-02 21:51:10,016 [MainThread] [INFO ]  --- start training ---
2024-08-02 21:51:32,844 [MainThread] [INFO ]  Server train time: 22.826597929000854
2024-08-02 21:51:32,844 [MainThread] [INFO ]  --- start testing ---
2024-08-02 21:51:34,442 [MainThread] [INFO ]  Test time 1.60s, Test loss: 0.04, Test accuracy: 57.63%
2024-08-02 21:51:34,443 [MainThread] [INFO ]  
-------- round 5 --------
2024-08-02 21:51:34,443 [MainThread] [INFO ]  --- start training ---
2024-08-02 21:51:56,620 [MainThread] [INFO ]  Server train time: 22.175923824310303
2024-08-02 21:51:56,621 [MainThread] [INFO ]  --- start testing ---
2024-08-02 21:51:58,016 [MainThread] [INFO ]  Test time 1.40s, Test loss: 0.03, Test accuracy: 61.27%
2024-08-02 21:51:58,017 [MainThread] [INFO ]  
-------- round 6 --------
2024-08-02 21:51:58,017 [MainThread] [INFO ]  --- start training ---
2024-08-02 21:52:21,006 [MainThread] [INFO ]  Server train time: 22.987772941589355
2024-08-02 21:52:21,008 [MainThread] [INFO ]  --- start testing ---
2024-08-02 21:52:22,598 [MainThread] [INFO ]  Test time 1.59s, Test loss: 0.03, Test accuracy: 65.04%
2024-08-02 21:52:22,599 [MainThread] [INFO ]  
-------- round 7 --------
2024-08-02 21:52:22,599 [MainThread] [INFO ]  --- start training ---
2024-08-02 21:52:46,072 [MainThread] [INFO ]  Server train time: 23.471487045288086
2024-08-02 21:52:46,073 [MainThread] [INFO ]  --- start testing ---
2024-08-02 21:52:47,499 [MainThread] [INFO ]  Test time 1.43s, Test loss: 0.03, Test accuracy: 67.02%
2024-08-02 21:52:47,500 [MainThread] [INFO ]  
-------- round 8 --------
2024-08-02 21:52:47,500 [MainThread] [INFO ]  --- start training ---
2024-08-02 21:53:10,647 [MainThread] [INFO ]  Server train time: 23.145551919937134
2024-08-02 21:53:10,647 [MainThread] [INFO ]  --- start testing ---
2024-08-02 21:53:12,115 [MainThread] [INFO ]  Test time 1.47s, Test loss: 0.03, Test accuracy: 68.41%
2024-08-02 21:53:12,116 [MainThread] [INFO ]  
-------- round 9 --------
2024-08-02 21:53:12,116 [MainThread] [INFO ]  --- start training ---
2024-08-02 21:53:35,204 [MainThread] [INFO ]  Server train time: 23.086580276489258
2024-08-02 21:53:35,205 [MainThread] [INFO ]  --- start testing ---
2024-08-02 21:53:36,722 [MainThread] [INFO ]  Test time 1.52s, Test loss: 0.03, Test accuracy: 70.17%
2024-08-02 21:53:36,847 [MainThread] [INFO ]  Model saved at /home/uceehow/AGDS/baselines/saved_models/_global_model_r_9.pth
2024-08-02 21:53:36,848 [MainThread] [INFO ]  Accuracies: [10.3, 14.29, 46.66, 52.82, 57.63, 61.27, 65.04, 67.02, 68.41, 70.17]
2024-08-02 21:53:36,848 [MainThread] [INFO ]  Cumulative training time: [26.87, 50.87, 74.93, 99.24, 123.66, 147.24, 171.82, 196.72, 221.34, 245.94]
2024-08-02 21:53:36,848 [MainThread] [INFO ]  Total training time 246.1s
