2024-08-02 21:45:04,044 [MainThread] [INFO ]  Configurations: {'task_id': '', 'data': {'root': './datasets', 'dataset': 'cifar10', 'split_type': 'dir', 'min_size': 10, 'data_amount': 0.05, 'iid_fraction': 0.1, 'user': False, 'train_test_split': 0.9, 'class_per_client': 1, 'num_of_clients': 10, 'alpha': 0.5, 'weights': None}, 'model': 'resnet18', 'test_mode': 'test_in_server', 'test_method': 'average', 'server': {'track': False, 'rounds': 3, 'clients_per_round': 5, 'test_every': 1, 'save_model_every': 10, 'save_model_path': '', 'batch_size': 32, 'test_all': False, 'random_selection': True, 'aggregation_stragtegy': 'FedAvg', 'aggregation_content': 'all', 'mode': 'agas', 'gas_p': 5, 'base_agg': 'bulyan', 'partitioning_method': 'kmeans'}, 'client': {'track': False, 'batch_size': 32, 'test_batch_size': 5, 'local_epoch': 1, 'optimizer': {'type': 'Adam', 'lr': 0.001, 'momentum': 0.9, 'weight_decay': 0}, 'seed': 0, 'local_test': False}, 'gpu': 1, 'distributed': {'backend': 'nccl', 'init_method': '', 'world_size': 0, 'rank': 0, 'local_rank': 0}, 'tracking': {'database': '', 'log_file': '', 'log_level': 'INFO', 'metric_file': '', 'save_every': 1}, 'resource_heterogeneous': {'simulate': False, 'hetero_type': 'real', 'level': 3, 'sleep_group_num': 1000, 'total_time': 1000, 'fraction': 1, 'grouping_strategy': 'greedy', 'initial_default_time': 5, 'default_time_momentum': 0.2}, 'seed': 0, 'attacker': {'byz_ratio': 0.2, 'lie': {'lie_z': 1.5}, 'bit_flip': {'flip_prob': 0.1}, 'min_sum': {'min_value': -1}, 'ipm': {'scale_factor': 0.01}}, 'is_distributed': False, 'device': 0}
2024-08-02 21:45:04,121 [MainThread] [INFO ]  Clients in total: 10
2024-08-02 21:45:04,413 [MainThread] [INFO ]  
-------- round 0 --------
2024-08-02 21:45:04,413 [MainThread] [INFO ]  --- start training ---
2024-08-02 21:45:17,574 [MainThread] [INFO ]  Server train time: 13.154879331588745
2024-08-02 21:45:17,575 [MainThread] [INFO ]  --- start testing ---
2024-08-02 21:45:19,292 [MainThread] [INFO ]  Test time 1.72s, Test loss: 0.08, Test accuracy: 12.59%
2024-08-02 21:45:19,292 [MainThread] [INFO ]  
-------- round 1 --------
2024-08-02 21:45:19,292 [MainThread] [INFO ]  --- start training ---
2024-08-02 21:45:30,205 [MainThread] [INFO ]  Server train time: 10.911874055862427
2024-08-02 21:45:30,206 [MainThread] [INFO ]  --- start testing ---
2024-08-02 21:45:31,755 [MainThread] [INFO ]  Test time 1.55s, Test loss: 0.07, Test accuracy: 16.45%
2024-08-02 21:45:31,755 [MainThread] [INFO ]  
-------- round 2 --------
2024-08-02 21:45:31,756 [MainThread] [INFO ]  --- start training ---
2024-08-02 21:45:42,701 [MainThread] [INFO ]  Server train time: 10.944390773773193
2024-08-02 21:45:42,702 [MainThread] [INFO ]  --- start testing ---
2024-08-02 21:45:44,206 [MainThread] [INFO ]  Test time 1.50s, Test loss: 0.05, Test accuracy: 43.67%
2024-08-02 21:45:44,323 [MainThread] [INFO ]  Model saved at /home/uceehow/AGDS/baselines/saved_models/_global_model_r_2.pth
2024-08-02 21:45:44,324 [MainThread] [INFO ]  Accuracies: [12.59, 16.45, 43.67]
2024-08-02 21:45:44,324 [MainThread] [INFO ]  Cumulative training time: [15.05, 27.52, 39.97]
2024-08-02 21:45:44,324 [MainThread] [INFO ]  Total training time 40.1s
