2024-08-02 22:12:02,626 [MainThread] [INFO ]  Configurations: {'task_id': '', 'data': {'root': './datasets', 'dataset': 'cifar10', 'split_type': 'dir', 'min_size': 10, 'data_amount': 0.05, 'iid_fraction': 0.1, 'user': False, 'train_test_split': 0.9, 'class_per_client': 1, 'num_of_clients': 10, 'alpha': 0.5, 'weights': None}, 'model': 'resnet18', 'test_mode': 'test_in_server', 'test_method': 'average', 'server': {'track': False, 'rounds': 10, 'clients_per_round': 10, 'test_every': 1, 'save_model_every': 10, 'save_model_path': '', 'batch_size': 32, 'test_all': False, 'random_selection': True, 'aggregation_stragtegy': 'FedAvg', 'aggregation_content': 'all', 'mode': 'agas', 'gas_p': 1000, 'base_agg': 'bulyan', 'partitioning_method': 'pca'}, 'client': {'track': False, 'batch_size': 32, 'test_batch_size': 5, 'local_epoch': 1, 'optimizer': {'type': 'Adam', 'lr': 0.001, 'momentum': 0.9, 'weight_decay': 0}, 'seed': 0, 'local_test': False}, 'gpu': 1, 'distributed': {'backend': 'nccl', 'init_method': '', 'world_size': 0, 'rank': 0, 'local_rank': 0}, 'tracking': {'database': '', 'log_file': '', 'log_level': 'INFO', 'metric_file': '', 'save_every': 1}, 'resource_heterogeneous': {'simulate': False, 'hetero_type': 'real', 'level': 3, 'sleep_group_num': 1000, 'total_time': 1000, 'fraction': 1, 'grouping_strategy': 'greedy', 'initial_default_time': 5, 'default_time_momentum': 0.2}, 'seed': 0, 'attacker': {'byz_ratio': 0.2, 'lie': {'lie_z': 1.5}, 'bit_flip': {'flip_prob': 0.1}, 'min_sum': {'min_value': -1}, 'ipm': {'scale_factor': 0.01}}, 'is_distributed': False, 'device': 0}
2024-08-02 22:12:02,697 [MainThread] [INFO ]  Clients in total: 10
2024-08-02 22:12:02,861 [MainThread] [INFO ]  
-------- round 0 --------
2024-08-02 22:12:02,861 [MainThread] [INFO ]  --- start training ---
2024-08-02 22:12:30,470 [MainThread] [INFO ]  Server train time: 27.60809326171875
2024-08-02 22:12:30,471 [MainThread] [INFO ]  --- start testing ---
2024-08-02 22:12:32,328 [MainThread] [INFO ]  Test time 1.86s, Test loss: 0.08, Test accuracy: 10.00%
2024-08-02 22:12:32,329 [MainThread] [INFO ]  
-------- round 1 --------
2024-08-02 22:12:32,329 [MainThread] [INFO ]  --- start training ---
2024-08-02 22:12:56,935 [MainThread] [INFO ]  Server train time: 24.605148553848267
2024-08-02 22:12:56,936 [MainThread] [INFO ]  --- start testing ---
2024-08-02 22:12:58,538 [MainThread] [INFO ]  Test time 1.60s, Test loss: 0.08, Test accuracy: 10.00%
2024-08-02 22:12:58,539 [MainThread] [INFO ]  
-------- round 2 --------
2024-08-02 22:12:58,539 [MainThread] [INFO ]  --- start training ---
2024-08-02 22:13:22,757 [MainThread] [INFO ]  Server train time: 24.216292142868042
2024-08-02 22:13:22,758 [MainThread] [INFO ]  --- start testing ---
2024-08-02 22:13:24,545 [MainThread] [INFO ]  Test time 1.79s, Test loss: 0.05, Test accuracy: 41.13%
2024-08-02 22:13:24,545 [MainThread] [INFO ]  
-------- round 3 --------
2024-08-02 22:13:24,546 [MainThread] [INFO ]  --- start training ---
2024-08-02 22:13:48,705 [MainThread] [INFO ]  Server train time: 24.158421754837036
2024-08-02 22:13:48,706 [MainThread] [INFO ]  --- start testing ---
2024-08-02 22:13:50,353 [MainThread] [INFO ]  Test time 1.65s, Test loss: 0.04, Test accuracy: 52.19%
2024-08-02 22:13:50,353 [MainThread] [INFO ]  
-------- round 4 --------
2024-08-02 22:13:50,354 [MainThread] [INFO ]  --- start training ---
2024-08-02 22:14:14,540 [MainThread] [INFO ]  Server train time: 24.185575246810913
2024-08-02 22:14:14,541 [MainThread] [INFO ]  --- start testing ---
2024-08-02 22:14:16,137 [MainThread] [INFO ]  Test time 1.60s, Test loss: 0.04, Test accuracy: 57.06%
2024-08-02 22:14:16,138 [MainThread] [INFO ]  
-------- round 5 --------
2024-08-02 22:14:16,138 [MainThread] [INFO ]  --- start training ---
2024-08-02 22:14:40,477 [MainThread] [INFO ]  Server train time: 24.337306261062622
2024-08-02 22:14:40,477 [MainThread] [INFO ]  --- start testing ---
2024-08-02 22:14:42,224 [MainThread] [INFO ]  Test time 1.75s, Test loss: 0.03, Test accuracy: 60.80%
2024-08-02 22:14:42,225 [MainThread] [INFO ]  
-------- round 6 --------
2024-08-02 22:14:42,225 [MainThread] [INFO ]  --- start training ---
2024-08-02 22:15:06,795 [MainThread] [INFO ]  Server train time: 24.566924810409546
2024-08-02 22:15:06,795 [MainThread] [INFO ]  --- start testing ---
2024-08-02 22:15:08,514 [MainThread] [INFO ]  Test time 1.72s, Test loss: 0.03, Test accuracy: 64.07%
2024-08-02 22:15:08,515 [MainThread] [INFO ]  
-------- round 7 --------
2024-08-02 22:15:08,515 [MainThread] [INFO ]  --- start training ---
2024-08-02 22:15:33,048 [MainThread] [INFO ]  Server train time: 24.531558990478516
2024-08-02 22:15:33,048 [MainThread] [INFO ]  --- start testing ---
2024-08-02 22:15:34,622 [MainThread] [INFO ]  Test time 1.57s, Test loss: 0.03, Test accuracy: 67.00%
2024-08-02 22:15:34,623 [MainThread] [INFO ]  
-------- round 8 --------
2024-08-02 22:15:34,623 [MainThread] [INFO ]  --- start training ---
2024-08-02 22:15:59,131 [MainThread] [INFO ]  Server train time: 24.50632071495056
2024-08-02 22:15:59,131 [MainThread] [INFO ]  --- start testing ---
2024-08-02 22:16:00,907 [MainThread] [INFO ]  Test time 1.77s, Test loss: 0.03, Test accuracy: 68.66%
2024-08-02 22:16:00,907 [MainThread] [INFO ]  
-------- round 9 --------
2024-08-02 22:16:00,908 [MainThread] [INFO ]  --- start training ---
2024-08-02 22:16:25,844 [MainThread] [INFO ]  Server train time: 24.93556833267212
2024-08-02 22:16:25,845 [MainThread] [INFO ]  --- start testing ---
2024-08-02 22:16:27,429 [MainThread] [INFO ]  Test time 1.58s, Test loss: 0.03, Test accuracy: 70.38%
2024-08-02 22:16:27,526 [MainThread] [INFO ]  Model saved at /home/uceehow/AGDS/baselines/saved_models/_global_model_r_9.pth
2024-08-02 22:16:27,526 [MainThread] [INFO ]  Accuracies: [10.0, 10.0, 41.13, 52.19, 57.06, 60.8, 64.07, 67.0, 68.66, 70.38]
2024-08-02 22:16:27,527 [MainThread] [INFO ]  Cumulative training time: [29.51, 55.72, 81.73, 107.54, 133.32, 159.41, 185.7, 211.8, 238.09, 264.61]
2024-08-02 22:16:27,527 [MainThread] [INFO ]  Total training time 264.7s
