2024-08-02 22:43:20,734 [MainThread] [INFO ]  Configurations: {'task_id': '', 'data': {'root': './datasets', 'dataset': 'cifar10', 'split_type': 'dir', 'min_size': 10, 'data_amount': 0.05, 'iid_fraction': 0.1, 'user': False, 'train_test_split': 0.9, 'class_per_client': 1, 'num_of_clients': 10, 'alpha': 0.5, 'weights': None}, 'model': 'resnet18', 'test_mode': 'test_in_server', 'test_method': 'average', 'server': {'track': False, 'rounds': 10, 'clients_per_round': 10, 'test_every': 1, 'save_model_every': 10, 'save_model_path': '', 'batch_size': 32, 'test_all': False, 'random_selection': True, 'aggregation_stragtegy': 'FedAvg', 'aggregation_content': 'all', 'mode': 'gas', 'gas_p': 1000, 'base_agg': 'bulyan', 'partitioning_method': 'none'}, 'client': {'track': False, 'batch_size': 32, 'test_batch_size': 5, 'local_epoch': 1, 'optimizer': {'type': 'Adam', 'lr': 0.001, 'momentum': 0.9, 'weight_decay': 0}, 'seed': 0, 'local_test': False}, 'gpu': 1, 'distributed': {'backend': 'nccl', 'init_method': '', 'world_size': 0, 'rank': 0, 'local_rank': 0}, 'tracking': {'database': '', 'log_file': '', 'log_level': 'INFO', 'metric_file': '', 'save_every': 1}, 'resource_heterogeneous': {'simulate': False, 'hetero_type': 'real', 'level': 3, 'sleep_group_num': 1000, 'total_time': 1000, 'fraction': 1, 'grouping_strategy': 'greedy', 'initial_default_time': 5, 'default_time_momentum': 0.2}, 'seed': 0, 'attacker': {'byz_ratio': 0.2, 'lie': {'lie_z': 1.5}, 'bit_flip': {'flip_prob': 0.1}, 'min_sum': {'min_value': -1}, 'ipm': {'scale_factor': 0.01}}, 'is_distributed': False, 'device': 0}
2024-08-02 22:43:20,804 [MainThread] [INFO ]  Clients in total: 10
2024-08-02 22:43:20,958 [MainThread] [INFO ]  
-------- round 0 --------
2024-08-02 22:43:20,958 [MainThread] [INFO ]  --- start training ---
2024-08-02 22:43:48,750 [MainThread] [INFO ]  Server train time: 27.790167093276978
2024-08-02 22:43:48,751 [MainThread] [INFO ]  --- start testing ---
2024-08-02 22:43:50,720 [MainThread] [INFO ]  Test time 1.97s, Test loss: 0.08, Test accuracy: 10.00%
2024-08-02 22:43:50,721 [MainThread] [INFO ]  
-------- round 1 --------
2024-08-02 22:43:50,721 [MainThread] [INFO ]  --- start training ---
2024-08-02 22:44:15,452 [MainThread] [INFO ]  Server train time: 24.729543209075928
2024-08-02 22:44:15,453 [MainThread] [INFO ]  --- start testing ---
2024-08-02 22:44:17,161 [MainThread] [INFO ]  Test time 1.71s, Test loss: 0.09, Test accuracy: 11.25%
2024-08-02 22:44:17,162 [MainThread] [INFO ]  
-------- round 2 --------
2024-08-02 22:44:17,162 [MainThread] [INFO ]  --- start training ---
2024-08-02 22:44:41,785 [MainThread] [INFO ]  Server train time: 24.621707677841187
2024-08-02 22:44:41,786 [MainThread] [INFO ]  --- start testing ---
2024-08-02 22:44:43,364 [MainThread] [INFO ]  Test time 1.58s, Test loss: 0.05, Test accuracy: 38.25%
2024-08-02 22:44:43,365 [MainThread] [INFO ]  
-------- round 3 --------
2024-08-02 22:44:43,365 [MainThread] [INFO ]  --- start training ---
2024-08-02 22:45:08,180 [MainThread] [INFO ]  Server train time: 24.813958644866943
2024-08-02 22:45:08,181 [MainThread] [INFO ]  --- start testing ---
2024-08-02 22:45:09,669 [MainThread] [INFO ]  Test time 1.49s, Test loss: 0.04, Test accuracy: 53.15%
2024-08-02 22:45:09,670 [MainThread] [INFO ]  
-------- round 4 --------
2024-08-02 22:45:09,670 [MainThread] [INFO ]  --- start training ---
2024-08-02 22:45:33,485 [MainThread] [INFO ]  Server train time: 23.81402325630188
2024-08-02 22:45:33,485 [MainThread] [INFO ]  --- start testing ---
2024-08-02 22:45:35,227 [MainThread] [INFO ]  Test time 1.74s, Test loss: 0.04, Test accuracy: 57.85%
2024-08-02 22:45:35,228 [MainThread] [INFO ]  
-------- round 5 --------
2024-08-02 22:45:35,228 [MainThread] [INFO ]  --- start training ---
2024-08-02 22:45:59,502 [MainThread] [INFO ]  Server train time: 24.272533655166626
2024-08-02 22:45:59,502 [MainThread] [INFO ]  --- start testing ---
2024-08-02 22:46:01,093 [MainThread] [INFO ]  Test time 1.59s, Test loss: 0.03, Test accuracy: 61.39%
2024-08-02 22:46:01,094 [MainThread] [INFO ]  
-------- round 6 --------
2024-08-02 22:46:01,094 [MainThread] [INFO ]  --- start training ---
2024-08-02 22:46:25,326 [MainThread] [INFO ]  Server train time: 24.230472564697266
2024-08-02 22:46:25,327 [MainThread] [INFO ]  --- start testing ---
2024-08-02 22:46:27,075 [MainThread] [INFO ]  Test time 1.75s, Test loss: 0.03, Test accuracy: 63.91%
2024-08-02 22:46:27,076 [MainThread] [INFO ]  
-------- round 7 --------
2024-08-02 22:46:27,076 [MainThread] [INFO ]  --- start training ---
2024-08-02 22:46:51,114 [MainThread] [INFO ]  Server train time: 24.036936283111572
2024-08-02 22:46:51,115 [MainThread] [INFO ]  --- start testing ---
2024-08-02 22:46:52,864 [MainThread] [INFO ]  Test time 1.75s, Test loss: 0.03, Test accuracy: 66.13%
2024-08-02 22:46:52,865 [MainThread] [INFO ]  
-------- round 8 --------
2024-08-02 22:46:52,865 [MainThread] [INFO ]  --- start training ---
2024-08-02 22:47:16,726 [MainThread] [INFO ]  Server train time: 23.859984159469604
2024-08-02 22:47:16,727 [MainThread] [INFO ]  --- start testing ---
2024-08-02 22:47:18,299 [MainThread] [INFO ]  Test time 1.57s, Test loss: 0.03, Test accuracy: 69.38%
2024-08-02 22:47:18,299 [MainThread] [INFO ]  
-------- round 9 --------
2024-08-02 22:47:18,299 [MainThread] [INFO ]  --- start training ---
2024-08-02 22:47:42,259 [MainThread] [INFO ]  Server train time: 23.958333253860474
2024-08-02 22:47:42,259 [MainThread] [INFO ]  --- start testing ---
2024-08-02 22:47:43,928 [MainThread] [INFO ]  Test time 1.67s, Test loss: 0.03, Test accuracy: 70.33%
2024-08-02 22:47:44,018 [MainThread] [INFO ]  Model saved at /home/uceehow/AGDS/baselines/saved_models/_global_model_r_9.pth
2024-08-02 22:47:44,019 [MainThread] [INFO ]  Accuracies: [10.0, 11.25, 38.25, 53.15, 57.85, 61.39, 63.91, 66.13, 69.38, 70.33]
2024-08-02 22:47:44,019 [MainThread] [INFO ]  Cumulative training time: [29.81, 56.25, 82.46, 108.76, 134.32, 160.19, 186.17, 211.96, 237.39, 263.02]
2024-08-02 22:47:44,019 [MainThread] [INFO ]  Total training time 263.1s
