2024-08-02 21:47:15,500 [MainThread] [INFO ]  Configurations: {'task_id': '', 'data': {'root': './datasets', 'dataset': 'cifar10', 'split_type': 'dir', 'min_size': 10, 'data_amount': 0.05, 'iid_fraction': 0.1, 'user': False, 'train_test_split': 0.9, 'class_per_client': 1, 'num_of_clients': 10, 'alpha': 0.5, 'weights': None}, 'model': 'resnet18', 'test_mode': 'test_in_server', 'test_method': 'average', 'server': {'track': False, 'rounds': 3, 'clients_per_round': 10, 'test_every': 1, 'save_model_every': 10, 'save_model_path': '', 'batch_size': 32, 'test_all': False, 'random_selection': True, 'aggregation_stragtegy': 'FedAvg', 'aggregation_content': 'all', 'mode': 'agas', 'gas_p': 1000, 'base_agg': 'bulyan', 'partitioning_method': 'kmeans'}, 'client': {'track': False, 'batch_size': 32, 'test_batch_size': 5, 'local_epoch': 1, 'optimizer': {'type': 'Adam', 'lr': 0.001, 'momentum': 0.9, 'weight_decay': 0}, 'seed': 0, 'local_test': False}, 'gpu': 1, 'distributed': {'backend': 'nccl', 'init_method': '', 'world_size': 0, 'rank': 0, 'local_rank': 0}, 'tracking': {'database': '', 'log_file': '', 'log_level': 'INFO', 'metric_file': '', 'save_every': 1}, 'resource_heterogeneous': {'simulate': False, 'hetero_type': 'real', 'level': 3, 'sleep_group_num': 1000, 'total_time': 1000, 'fraction': 1, 'grouping_strategy': 'greedy', 'initial_default_time': 5, 'default_time_momentum': 0.2}, 'seed': 0, 'attacker': {'byz_ratio': 0.2, 'lie': {'lie_z': 1.5}, 'bit_flip': {'flip_prob': 0.1}, 'min_sum': {'min_value': -1}, 'ipm': {'scale_factor': 0.01}}, 'is_distributed': False, 'device': 0}
2024-08-02 21:47:15,570 [MainThread] [INFO ]  Clients in total: 10
2024-08-02 21:47:15,812 [MainThread] [INFO ]  
-------- round 0 --------
2024-08-02 21:47:15,818 [MainThread] [INFO ]  --- start training ---
2024-08-02 21:47:40,271 [MainThread] [INFO ]  Server train time: 24.452579259872437
2024-08-02 21:47:40,273 [MainThread] [INFO ]  --- start testing ---
2024-08-02 21:47:41,872 [MainThread] [INFO ]  Test time 1.60s, Test loss: 0.08, Test accuracy: 10.53%
2024-08-02 21:47:41,873 [MainThread] [INFO ]  
-------- round 1 --------
2024-08-02 21:47:41,874 [MainThread] [INFO ]  --- start training ---
2024-08-02 21:48:04,474 [MainThread] [INFO ]  Server train time: 22.599281787872314
2024-08-02 21:48:04,475 [MainThread] [INFO ]  --- start testing ---
2024-08-02 21:48:05,893 [MainThread] [INFO ]  Test time 1.42s, Test loss: 0.08, Test accuracy: 14.56%
2024-08-02 21:48:05,893 [MainThread] [INFO ]  
-------- round 2 --------
2024-08-02 21:48:05,893 [MainThread] [INFO ]  --- start training ---
2024-08-02 21:48:28,029 [MainThread] [INFO ]  Server train time: 22.134676694869995
2024-08-02 21:48:28,030 [MainThread] [INFO ]  --- start testing ---
2024-08-02 21:48:29,473 [MainThread] [INFO ]  Test time 1.44s, Test loss: 0.05, Test accuracy: 44.89%
2024-08-02 21:48:29,614 [MainThread] [INFO ]  Model saved at /home/uceehow/AGDS/baselines/saved_models/_global_model_r_2.pth
2024-08-02 21:48:29,614 [MainThread] [INFO ]  Accuracies: [10.53, 14.56, 44.89]
2024-08-02 21:48:29,614 [MainThread] [INFO ]  Cumulative training time: [26.19, 50.21, 73.79]
2024-08-02 21:48:29,615 [MainThread] [INFO ]  Total training time 73.9s
