2024-08-02 23:22:35,787 [MainThread] [INFO ]  Configurations: {'task_id': '', 'data': {'root': './datasets', 'dataset': 'cifar10', 'split_type': 'dir', 'min_size': 10, 'data_amount': 0.05, 'iid_fraction': 0.1, 'user': False, 'train_test_split': 0.9, 'class_per_client': 1, 'num_of_clients': 10, 'alpha': 0.5, 'weights': None}, 'model': 'resnet18', 'test_mode': 'test_in_server', 'test_method': 'average', 'server': {'track': False, 'rounds': 10, 'clients_per_round': 10, 'test_every': 1, 'save_model_every': 10, 'save_model_path': '', 'batch_size': 32, 'test_all': False, 'random_selection': True, 'aggregation_stragtegy': 'FedAvg', 'aggregation_content': 'all', 'mode': 'none', 'gas_p': 1000, 'base_agg': 'bulyan', 'partitioning_method': 'none'}, 'client': {'track': False, 'batch_size': 32, 'test_batch_size': 5, 'local_epoch': 1, 'optimizer': {'type': 'Adam', 'lr': 0.001, 'momentum': 0.9, 'weight_decay': 0}, 'seed': 0, 'local_test': False}, 'gpu': 1, 'distributed': {'backend': 'nccl', 'init_method': '', 'world_size': 0, 'rank': 0, 'local_rank': 0}, 'tracking': {'database': '', 'log_file': '', 'log_level': 'INFO', 'metric_file': '', 'save_every': 1}, 'resource_heterogeneous': {'simulate': False, 'hetero_type': 'real', 'level': 3, 'sleep_group_num': 1000, 'total_time': 1000, 'fraction': 1, 'grouping_strategy': 'greedy', 'initial_default_time': 5, 'default_time_momentum': 0.2}, 'seed': 0, 'attacker': {'byz_ratio': 0.2, 'lie': {'lie_z': 1.5}, 'bit_flip': {'flip_prob': 0.1}, 'min_sum': {'min_value': -1}, 'ipm': {'scale_factor': 0.01}}, 'is_distributed': False, 'device': 0}
2024-08-02 23:22:35,857 [MainThread] [INFO ]  Clients in total: 10
2024-08-02 23:22:36,039 [MainThread] [INFO ]  
-------- round 0 --------
2024-08-02 23:22:36,039 [MainThread] [INFO ]  --- start training ---
2024-08-02 23:23:00,788 [MainThread] [INFO ]  Server train time: 24.7480731010437
2024-08-02 23:23:00,789 [MainThread] [INFO ]  --- start testing ---
2024-08-02 23:23:02,380 [MainThread] [INFO ]  Test time 1.59s, Test loss: 0.08, Test accuracy: 11.98%
2024-08-02 23:23:02,380 [MainThread] [INFO ]  
-------- round 1 --------
2024-08-02 23:23:02,381 [MainThread] [INFO ]  --- start training ---
2024-08-02 23:23:24,968 [MainThread] [INFO ]  Server train time: 22.586522102355957
2024-08-02 23:23:24,969 [MainThread] [INFO ]  --- start testing ---
2024-08-02 23:23:26,425 [MainThread] [INFO ]  Test time 1.46s, Test loss: 0.08, Test accuracy: 10.82%
2024-08-02 23:23:26,426 [MainThread] [INFO ]  
-------- round 2 --------
2024-08-02 23:23:26,426 [MainThread] [INFO ]  --- start training ---
2024-08-02 23:23:49,427 [MainThread] [INFO ]  Server train time: 22.999762296676636
2024-08-02 23:23:49,428 [MainThread] [INFO ]  --- start testing ---
2024-08-02 23:23:50,963 [MainThread] [INFO ]  Test time 1.54s, Test loss: 0.05, Test accuracy: 42.92%
2024-08-02 23:23:50,964 [MainThread] [INFO ]  
-------- round 3 --------
2024-08-02 23:23:50,964 [MainThread] [INFO ]  --- start training ---
2024-08-02 23:24:13,700 [MainThread] [INFO ]  Server train time: 22.734471082687378
2024-08-02 23:24:13,700 [MainThread] [INFO ]  --- start testing ---
2024-08-02 23:24:15,021 [MainThread] [INFO ]  Test time 1.32s, Test loss: 0.04, Test accuracy: 53.17%
2024-08-02 23:24:15,022 [MainThread] [INFO ]  
-------- round 4 --------
2024-08-02 23:24:15,022 [MainThread] [INFO ]  --- start training ---
2024-08-02 23:24:36,646 [MainThread] [INFO ]  Server train time: 21.6226544380188
2024-08-02 23:24:36,646 [MainThread] [INFO ]  --- start testing ---
2024-08-02 23:24:38,185 [MainThread] [INFO ]  Test time 1.54s, Test loss: 0.04, Test accuracy: 58.36%
2024-08-02 23:24:38,186 [MainThread] [INFO ]  
-------- round 5 --------
2024-08-02 23:24:38,186 [MainThread] [INFO ]  --- start training ---
2024-08-02 23:25:00,007 [MainThread] [INFO ]  Server train time: 21.819916248321533
2024-08-02 23:25:00,007 [MainThread] [INFO ]  --- start testing ---
2024-08-02 23:25:01,583 [MainThread] [INFO ]  Test time 1.58s, Test loss: 0.03, Test accuracy: 62.60%
2024-08-02 23:25:01,584 [MainThread] [INFO ]  
-------- round 6 --------
2024-08-02 23:25:01,584 [MainThread] [INFO ]  --- start training ---
2024-08-02 23:25:23,517 [MainThread] [INFO ]  Server train time: 21.932323217391968
2024-08-02 23:25:23,518 [MainThread] [INFO ]  --- start testing ---
2024-08-02 23:25:24,925 [MainThread] [INFO ]  Test time 1.41s, Test loss: 0.03, Test accuracy: 64.70%
2024-08-02 23:25:24,926 [MainThread] [INFO ]  
-------- round 7 --------
2024-08-02 23:25:24,926 [MainThread] [INFO ]  --- start training ---
2024-08-02 23:25:46,873 [MainThread] [INFO ]  Server train time: 21.946005821228027
2024-08-02 23:25:46,873 [MainThread] [INFO ]  --- start testing ---
2024-08-02 23:25:48,291 [MainThread] [INFO ]  Test time 1.42s, Test loss: 0.03, Test accuracy: 67.34%
2024-08-02 23:25:48,292 [MainThread] [INFO ]  
-------- round 8 --------
2024-08-02 23:25:48,292 [MainThread] [INFO ]  --- start training ---
2024-08-02 23:26:10,156 [MainThread] [INFO ]  Server train time: 21.86312460899353
2024-08-02 23:26:10,157 [MainThread] [INFO ]  --- start testing ---
2024-08-02 23:26:11,647 [MainThread] [INFO ]  Test time 1.49s, Test loss: 0.03, Test accuracy: 69.10%
2024-08-02 23:26:11,647 [MainThread] [INFO ]  
-------- round 9 --------
2024-08-02 23:26:11,648 [MainThread] [INFO ]  --- start training ---
2024-08-02 23:26:34,404 [MainThread] [INFO ]  Server train time: 22.755518436431885
2024-08-02 23:26:34,405 [MainThread] [INFO ]  --- start testing ---
2024-08-02 23:26:35,848 [MainThread] [INFO ]  Test time 1.44s, Test loss: 0.03, Test accuracy: 70.41%
2024-08-02 23:26:35,936 [MainThread] [INFO ]  Model saved at /home/uceehow/AGDS/baselines/saved_models/_global_model_r_9.pth
2024-08-02 23:26:35,937 [MainThread] [INFO ]  Accuracies: [11.98, 10.82, 42.92, 53.17, 58.36, 62.6, 64.7, 67.34, 69.1, 70.41]
2024-08-02 23:26:35,937 [MainThread] [INFO ]  Cumulative training time: [26.41, 50.46, 75.0, 99.06, 122.22, 145.62, 168.96, 192.33, 215.68, 239.88]
2024-08-02 23:26:35,937 [MainThread] [INFO ]  Total training time 240.0s
