2024-08-02 22:02:57,838 [MainThread] [INFO ]  Configurations: {'task_id': '', 'data': {'root': './datasets', 'dataset': 'cifar10', 'split_type': 'dir', 'min_size': 10, 'data_amount': 0.05, 'iid_fraction': 0.1, 'user': False, 'train_test_split': 0.9, 'class_per_client': 1, 'num_of_clients': 10, 'alpha': 0.5, 'weights': None}, 'model': 'resnet18', 'test_mode': 'test_in_server', 'test_method': 'average', 'server': {'track': False, 'rounds': 10, 'clients_per_round': 10, 'test_every': 1, 'save_model_every': 10, 'save_model_path': '', 'batch_size': 32, 'test_all': False, 'random_selection': True, 'aggregation_stragtegy': 'FedAvg', 'aggregation_content': 'all', 'mode': 'agas', 'gas_p': 1000, 'base_agg': 'bulyan', 'partitioning_method': 'kmeans'}, 'client': {'track': False, 'batch_size': 32, 'test_batch_size': 5, 'local_epoch': 1, 'optimizer': {'type': 'Adam', 'lr': 0.001, 'momentum': 0.9, 'weight_decay': 0}, 'seed': 0, 'local_test': False}, 'gpu': 1, 'distributed': {'backend': 'nccl', 'init_method': '', 'world_size': 0, 'rank': 0, 'local_rank': 0}, 'tracking': {'database': '', 'log_file': '', 'log_level': 'INFO', 'metric_file': '', 'save_every': 1}, 'resource_heterogeneous': {'simulate': False, 'hetero_type': 'real', 'level': 3, 'sleep_group_num': 1000, 'total_time': 1000, 'fraction': 1, 'grouping_strategy': 'greedy', 'initial_default_time': 5, 'default_time_momentum': 0.2}, 'seed': 0, 'attacker': {'byz_ratio': 0.2, 'lie': {'lie_z': 1.5}, 'bit_flip': {'flip_prob': 0.1}, 'min_sum': {'min_value': -1}, 'ipm': {'scale_factor': 0.01}}, 'is_distributed': False, 'device': 0}
2024-08-02 22:02:57,908 [MainThread] [INFO ]  Clients in total: 10
2024-08-02 22:02:58,155 [MainThread] [INFO ]  
-------- round 0 --------
2024-08-02 22:02:58,155 [MainThread] [INFO ]  --- start training ---
2024-08-02 22:03:25,438 [MainThread] [INFO ]  Server train time: 27.281298875808716
2024-08-02 22:03:25,439 [MainThread] [INFO ]  --- start testing ---
2024-08-02 22:03:27,281 [MainThread] [INFO ]  Test time 1.84s, Test loss: 0.08, Test accuracy: 10.04%
2024-08-02 22:03:27,281 [MainThread] [INFO ]  
-------- round 1 --------
2024-08-02 22:03:27,282 [MainThread] [INFO ]  --- start training ---
2024-08-02 22:03:51,581 [MainThread] [INFO ]  Server train time: 24.298648834228516
2024-08-02 22:03:51,582 [MainThread] [INFO ]  --- start testing ---
2024-08-02 22:03:53,188 [MainThread] [INFO ]  Test time 1.61s, Test loss: 0.08, Test accuracy: 11.41%
2024-08-02 22:03:53,189 [MainThread] [INFO ]  
-------- round 2 --------
2024-08-02 22:03:53,189 [MainThread] [INFO ]  --- start training ---
2024-08-02 22:04:17,375 [MainThread] [INFO ]  Server train time: 24.18455481529236
2024-08-02 22:04:17,375 [MainThread] [INFO ]  --- start testing ---
2024-08-02 22:04:19,046 [MainThread] [INFO ]  Test time 1.67s, Test loss: 0.05, Test accuracy: 38.24%
2024-08-02 22:04:19,047 [MainThread] [INFO ]  
-------- round 3 --------
2024-08-02 22:04:19,047 [MainThread] [INFO ]  --- start training ---
2024-08-02 22:04:45,175 [MainThread] [INFO ]  Server train time: 26.127068042755127
2024-08-02 22:04:45,176 [MainThread] [INFO ]  --- start testing ---
2024-08-02 22:04:47,629 [MainThread] [INFO ]  Test time 2.45s, Test loss: 0.04, Test accuracy: 51.83%
2024-08-02 22:04:47,629 [MainThread] [INFO ]  
-------- round 4 --------
2024-08-02 22:04:47,630 [MainThread] [INFO ]  --- start training ---
2024-08-02 22:05:12,819 [MainThread] [INFO ]  Server train time: 25.188396692276
2024-08-02 22:05:12,819 [MainThread] [INFO ]  --- start testing ---
2024-08-02 22:05:14,565 [MainThread] [INFO ]  Test time 1.74s, Test loss: 0.04, Test accuracy: 55.52%
2024-08-02 22:05:14,566 [MainThread] [INFO ]  
-------- round 5 --------
2024-08-02 22:05:14,566 [MainThread] [INFO ]  --- start training ---
2024-08-02 22:05:38,670 [MainThread] [INFO ]  Server train time: 24.102726936340332
2024-08-02 22:05:38,671 [MainThread] [INFO ]  --- start testing ---
2024-08-02 22:05:40,231 [MainThread] [INFO ]  Test time 1.56s, Test loss: 0.03, Test accuracy: 61.07%
2024-08-02 22:05:40,231 [MainThread] [INFO ]  
-------- round 6 --------
2024-08-02 22:05:40,231 [MainThread] [INFO ]  --- start training ---
2024-08-02 22:06:04,343 [MainThread] [INFO ]  Server train time: 24.110013723373413
2024-08-02 22:06:04,343 [MainThread] [INFO ]  --- start testing ---
2024-08-02 22:06:05,814 [MainThread] [INFO ]  Test time 1.47s, Test loss: 0.03, Test accuracy: 64.70%
2024-08-02 22:06:05,814 [MainThread] [INFO ]  
-------- round 7 --------
2024-08-02 22:06:05,815 [MainThread] [INFO ]  --- start training ---
2024-08-02 22:06:30,013 [MainThread] [INFO ]  Server train time: 24.197726249694824
2024-08-02 22:06:30,014 [MainThread] [INFO ]  --- start testing ---
2024-08-02 22:06:31,542 [MainThread] [INFO ]  Test time 1.53s, Test loss: 0.03, Test accuracy: 66.00%
2024-08-02 22:06:31,542 [MainThread] [INFO ]  
-------- round 8 --------
2024-08-02 22:06:31,543 [MainThread] [INFO ]  --- start training ---
2024-08-02 22:06:55,471 [MainThread] [INFO ]  Server train time: 23.927055597305298
2024-08-02 22:06:55,471 [MainThread] [INFO ]  --- start testing ---
2024-08-02 22:06:57,219 [MainThread] [INFO ]  Test time 1.75s, Test loss: 0.03, Test accuracy: 68.19%
2024-08-02 22:06:57,220 [MainThread] [INFO ]  
-------- round 9 --------
2024-08-02 22:06:57,220 [MainThread] [INFO ]  --- start training ---
2024-08-02 22:07:21,116 [MainThread] [INFO ]  Server train time: 23.894426345825195
2024-08-02 22:07:21,116 [MainThread] [INFO ]  --- start testing ---
2024-08-02 22:07:22,570 [MainThread] [INFO ]  Test time 1.45s, Test loss: 0.03, Test accuracy: 69.31%
2024-08-02 22:07:22,658 [MainThread] [INFO ]  Model saved at /home/uceehow/AGDS/baselines/saved_models/_global_model_r_9.pth
2024-08-02 22:07:22,659 [MainThread] [INFO ]  Accuracies: [10.04, 11.41, 38.24, 51.83, 55.52, 61.07, 64.7, 66.0, 68.19, 69.31]
2024-08-02 22:07:22,659 [MainThread] [INFO ]  Cumulative training time: [29.25, 55.16, 81.02, 109.6, 136.54, 162.2, 187.79, 213.52, 239.19, 264.54]
2024-08-02 22:07:22,659 [MainThread] [INFO ]  Total training time 264.6s
