2024-08-02 23:27:56,195 [MainThread] [INFO ]  Configurations: {'task_id': '', 'data': {'root': './datasets', 'dataset': 'cifar10', 'split_type': 'dir', 'min_size': 10, 'data_amount': 0.05, 'iid_fraction': 0.1, 'user': False, 'train_test_split': 0.9, 'class_per_client': 1, 'num_of_clients': 10, 'alpha': 0.5, 'weights': None}, 'model': 'resnet18', 'test_mode': 'test_in_server', 'test_method': 'average', 'server': {'track': False, 'rounds': 10, 'clients_per_round': 10, 'test_every': 1, 'save_model_every': 10, 'save_model_path': '', 'batch_size': 32, 'test_all': False, 'random_selection': True, 'aggregation_stragtegy': 'FedAvg', 'aggregation_content': 'all', 'mode': 'none', 'gas_p': 1000, 'base_agg': 'bulyan', 'partitioning_method': 'none'}, 'client': {'track': False, 'batch_size': 32, 'test_batch_size': 5, 'local_epoch': 1, 'optimizer': {'type': 'Adam', 'lr': 0.001, 'momentum': 0.9, 'weight_decay': 0}, 'seed': 0, 'local_test': False}, 'gpu': 1, 'distributed': {'backend': 'nccl', 'init_method': '', 'world_size': 0, 'rank': 0, 'local_rank': 0}, 'tracking': {'database': '', 'log_file': '', 'log_level': 'INFO', 'metric_file': '', 'save_every': 1}, 'resource_heterogeneous': {'simulate': False, 'hetero_type': 'real', 'level': 3, 'sleep_group_num': 1000, 'total_time': 1000, 'fraction': 1, 'grouping_strategy': 'greedy', 'initial_default_time': 5, 'default_time_momentum': 0.2}, 'seed': 0, 'attacker': {'byz_ratio': 0.2, 'lie': {'lie_z': 1.5}, 'bit_flip': {'flip_prob': 0.1}, 'min_sum': {'min_value': -1}, 'ipm': {'scale_factor': 0.01}}, 'is_distributed': False, 'device': 0}
2024-08-02 23:27:56,267 [MainThread] [INFO ]  Clients in total: 10
2024-08-02 23:27:56,399 [MainThread] [INFO ]  
-------- round 0 --------
2024-08-02 23:27:56,400 [MainThread] [INFO ]  --- start training ---
2024-08-02 23:28:21,221 [MainThread] [INFO ]  Server train time: 24.820695161819458
2024-08-02 23:28:21,222 [MainThread] [INFO ]  --- start testing ---
2024-08-02 23:28:22,820 [MainThread] [INFO ]  Test time 1.60s, Test loss: 0.08, Test accuracy: 10.05%
2024-08-02 23:28:22,821 [MainThread] [INFO ]  
-------- round 1 --------
2024-08-02 23:28:22,821 [MainThread] [INFO ]  --- start training ---
2024-08-02 23:28:44,544 [MainThread] [INFO ]  Server train time: 21.72208881378174
2024-08-02 23:28:44,545 [MainThread] [INFO ]  --- start testing ---
2024-08-02 23:28:45,325 [MainThread] [INFO ]  Test time 0.78s, Test loss: 0.08, Test accuracy: 12.59%
2024-08-02 23:28:45,326 [MainThread] [INFO ]  
-------- round 2 --------
2024-08-02 23:28:45,326 [MainThread] [INFO ]  --- start training ---
2024-08-02 23:28:58,673 [MainThread] [INFO ]  Server train time: 13.346234798431396
2024-08-02 23:28:58,674 [MainThread] [INFO ]  --- start testing ---
2024-08-02 23:28:59,420 [MainThread] [INFO ]  Test time 0.75s, Test loss: 0.05, Test accuracy: 39.45%
2024-08-02 23:28:59,421 [MainThread] [INFO ]  
-------- round 3 --------
2024-08-02 23:28:59,421 [MainThread] [INFO ]  --- start training ---
2024-08-02 23:29:12,719 [MainThread] [INFO ]  Server train time: 13.29684567451477
2024-08-02 23:29:12,719 [MainThread] [INFO ]  --- start testing ---
2024-08-02 23:29:13,491 [MainThread] [INFO ]  Test time 0.77s, Test loss: 0.04, Test accuracy: 51.92%
2024-08-02 23:29:13,492 [MainThread] [INFO ]  
-------- round 4 --------
2024-08-02 23:29:13,492 [MainThread] [INFO ]  --- start training ---
2024-08-02 23:29:26,964 [MainThread] [INFO ]  Server train time: 13.470309734344482
2024-08-02 23:29:26,964 [MainThread] [INFO ]  --- start testing ---
2024-08-02 23:29:27,711 [MainThread] [INFO ]  Test time 0.75s, Test loss: 0.04, Test accuracy: 56.73%
2024-08-02 23:29:27,712 [MainThread] [INFO ]  
-------- round 5 --------
2024-08-02 23:29:27,712 [MainThread] [INFO ]  --- start training ---
2024-08-02 23:29:40,667 [MainThread] [INFO ]  Server train time: 12.954044103622437
2024-08-02 23:29:40,668 [MainThread] [INFO ]  --- start testing ---
2024-08-02 23:29:41,428 [MainThread] [INFO ]  Test time 0.76s, Test loss: 0.03, Test accuracy: 59.76%
2024-08-02 23:29:41,429 [MainThread] [INFO ]  
-------- round 6 --------
2024-08-02 23:29:41,429 [MainThread] [INFO ]  --- start training ---
2024-08-02 23:29:54,384 [MainThread] [INFO ]  Server train time: 12.953258991241455
2024-08-02 23:29:54,384 [MainThread] [INFO ]  --- start testing ---
2024-08-02 23:29:55,149 [MainThread] [INFO ]  Test time 0.76s, Test loss: 0.03, Test accuracy: 63.95%
2024-08-02 23:29:55,150 [MainThread] [INFO ]  
-------- round 7 --------
2024-08-02 23:29:55,150 [MainThread] [INFO ]  --- start training ---
2024-08-02 23:30:08,047 [MainThread] [INFO ]  Server train time: 12.89580774307251
2024-08-02 23:30:08,047 [MainThread] [INFO ]  --- start testing ---
2024-08-02 23:30:08,806 [MainThread] [INFO ]  Test time 0.76s, Test loss: 0.03, Test accuracy: 66.25%
2024-08-02 23:30:08,807 [MainThread] [INFO ]  
-------- round 8 --------
2024-08-02 23:30:08,807 [MainThread] [INFO ]  --- start training ---
2024-08-02 23:30:21,683 [MainThread] [INFO ]  Server train time: 12.875378847122192
2024-08-02 23:30:21,684 [MainThread] [INFO ]  --- start testing ---
2024-08-02 23:30:22,440 [MainThread] [INFO ]  Test time 0.76s, Test loss: 0.03, Test accuracy: 68.07%
2024-08-02 23:30:22,440 [MainThread] [INFO ]  
-------- round 9 --------
2024-08-02 23:30:22,441 [MainThread] [INFO ]  --- start training ---
2024-08-02 23:30:35,323 [MainThread] [INFO ]  Server train time: 12.881423234939575
2024-08-02 23:30:35,323 [MainThread] [INFO ]  --- start testing ---
2024-08-02 23:30:36,086 [MainThread] [INFO ]  Test time 0.76s, Test loss: 0.03, Test accuracy: 70.06%
2024-08-02 23:30:36,173 [MainThread] [INFO ]  Model saved at /home/uceehow/AGDS/baselines/saved_models/_global_model_r_9.pth
2024-08-02 23:30:36,173 [MainThread] [INFO ]  Accuracies: [10.05, 12.59, 39.45, 51.92, 56.73, 59.76, 63.95, 66.25, 68.07, 70.06]
2024-08-02 23:30:36,173 [MainThread] [INFO ]  Cumulative training time: [26.46, 48.97, 63.06, 77.13, 91.35, 105.07, 118.79, 132.45, 146.08, 159.73]
2024-08-02 23:30:36,174 [MainThread] [INFO ]  Total training time 159.8s
