2024-08-02 23:13:29,638 [MainThread] [INFO ]  Configurations: {'task_id': '', 'data': {'root': './datasets', 'dataset': 'cifar10', 'split_type': 'dir', 'min_size': 10, 'data_amount': 0.05, 'iid_fraction': 0.1, 'user': False, 'train_test_split': 0.9, 'class_per_client': 1, 'num_of_clients': 10, 'alpha': 0.5, 'weights': None}, 'model': 'resnet18', 'test_mode': 'test_in_server', 'test_method': 'average', 'server': {'track': False, 'rounds': 10, 'clients_per_round': 10, 'test_every': 1, 'save_model_every': 10, 'save_model_path': '', 'batch_size': 32, 'test_all': False, 'random_selection': True, 'aggregation_stragtegy': 'FedAvg', 'aggregation_content': 'all', 'mode': 'agas', 'gas_p': 1000, 'base_agg': 'bulyan', 'partitioning_method': 'none'}, 'client': {'track': False, 'batch_size': 32, 'test_batch_size': 5, 'local_epoch': 1, 'optimizer': {'type': 'Adam', 'lr': 0.001, 'momentum': 0.9, 'weight_decay': 0}, 'seed': 0, 'local_test': False}, 'gpu': 1, 'distributed': {'backend': 'nccl', 'init_method': '', 'world_size': 0, 'rank': 0, 'local_rank': 0}, 'tracking': {'database': '', 'log_file': '', 'log_level': 'INFO', 'metric_file': '', 'save_every': 1}, 'resource_heterogeneous': {'simulate': False, 'hetero_type': 'real', 'level': 3, 'sleep_group_num': 1000, 'total_time': 1000, 'fraction': 1, 'grouping_strategy': 'greedy', 'initial_default_time': 5, 'default_time_momentum': 0.2}, 'seed': 0, 'attacker': {'byz_ratio': 0.2, 'lie': {'lie_z': 1.5}, 'bit_flip': {'flip_prob': 0.1}, 'min_sum': {'min_value': -1}, 'ipm': {'scale_factor': 0.01}}, 'is_distributed': False, 'device': 0}
2024-08-02 23:13:29,707 [MainThread] [INFO ]  Clients in total: 10
2024-08-02 23:13:29,864 [MainThread] [INFO ]  
-------- round 0 --------
2024-08-02 23:13:29,864 [MainThread] [INFO ]  --- start training ---
2024-08-02 23:13:55,066 [MainThread] [INFO ]  Server train time: 25.200878143310547
2024-08-02 23:13:55,067 [MainThread] [INFO ]  --- start testing ---
2024-08-02 23:13:56,655 [MainThread] [INFO ]  Test time 1.59s, Test loss: 0.08, Test accuracy: 10.00%
2024-08-02 23:13:56,656 [MainThread] [INFO ]  
-------- round 1 --------
2024-08-02 23:13:56,656 [MainThread] [INFO ]  --- start training ---
2024-08-02 23:14:19,596 [MainThread] [INFO ]  Server train time: 22.938471794128418
2024-08-02 23:14:19,597 [MainThread] [INFO ]  --- start testing ---
2024-08-02 23:14:20,967 [MainThread] [INFO ]  Test time 1.37s, Test loss: 0.08, Test accuracy: 13.05%
2024-08-02 23:14:20,968 [MainThread] [INFO ]  
-------- round 2 --------
2024-08-02 23:14:20,968 [MainThread] [INFO ]  --- start training ---
2024-08-02 23:14:43,707 [MainThread] [INFO ]  Server train time: 22.7372624874115
2024-08-02 23:14:43,707 [MainThread] [INFO ]  --- start testing ---
2024-08-02 23:14:45,140 [MainThread] [INFO ]  Test time 1.43s, Test loss: 0.05, Test accuracy: 42.21%
2024-08-02 23:14:45,141 [MainThread] [INFO ]  
-------- round 3 --------
2024-08-02 23:14:45,141 [MainThread] [INFO ]  --- start training ---
2024-08-02 23:15:07,500 [MainThread] [INFO ]  Server train time: 22.358038187026978
2024-08-02 23:15:07,501 [MainThread] [INFO ]  --- start testing ---
2024-08-02 23:15:08,807 [MainThread] [INFO ]  Test time 1.31s, Test loss: 0.04, Test accuracy: 51.78%
2024-08-02 23:15:08,808 [MainThread] [INFO ]  
-------- round 4 --------
2024-08-02 23:15:08,808 [MainThread] [INFO ]  --- start training ---
2024-08-02 23:15:31,125 [MainThread] [INFO ]  Server train time: 22.31552219390869
2024-08-02 23:15:31,126 [MainThread] [INFO ]  --- start testing ---
2024-08-02 23:15:32,626 [MainThread] [INFO ]  Test time 1.50s, Test loss: 0.04, Test accuracy: 56.80%
2024-08-02 23:15:32,626 [MainThread] [INFO ]  
-------- round 5 --------
2024-08-02 23:15:32,627 [MainThread] [INFO ]  --- start training ---
2024-08-02 23:15:54,846 [MainThread] [INFO ]  Server train time: 22.218352794647217
2024-08-02 23:15:54,847 [MainThread] [INFO ]  --- start testing ---
2024-08-02 23:15:56,416 [MainThread] [INFO ]  Test time 1.57s, Test loss: 0.03, Test accuracy: 60.34%
2024-08-02 23:15:56,417 [MainThread] [INFO ]  
-------- round 6 --------
2024-08-02 23:15:56,417 [MainThread] [INFO ]  --- start training ---
2024-08-02 23:16:19,075 [MainThread] [INFO ]  Server train time: 22.657044649124146
2024-08-02 23:16:19,076 [MainThread] [INFO ]  --- start testing ---
2024-08-02 23:16:20,465 [MainThread] [INFO ]  Test time 1.39s, Test loss: 0.03, Test accuracy: 63.58%
2024-08-02 23:16:20,466 [MainThread] [INFO ]  
-------- round 7 --------
2024-08-02 23:16:20,466 [MainThread] [INFO ]  --- start training ---
2024-08-02 23:16:42,867 [MainThread] [INFO ]  Server train time: 22.399362325668335
2024-08-02 23:16:42,867 [MainThread] [INFO ]  --- start testing ---
2024-08-02 23:16:44,431 [MainThread] [INFO ]  Test time 1.56s, Test loss: 0.03, Test accuracy: 66.68%
2024-08-02 23:16:44,431 [MainThread] [INFO ]  
-------- round 8 --------
2024-08-02 23:16:44,432 [MainThread] [INFO ]  --- start training ---
2024-08-02 23:17:06,695 [MainThread] [INFO ]  Server train time: 22.262120485305786
2024-08-02 23:17:06,695 [MainThread] [INFO ]  --- start testing ---
2024-08-02 23:17:08,203 [MainThread] [INFO ]  Test time 1.51s, Test loss: 0.03, Test accuracy: 67.92%
2024-08-02 23:17:08,204 [MainThread] [INFO ]  
-------- round 9 --------
2024-08-02 23:17:08,204 [MainThread] [INFO ]  --- start training ---
2024-08-02 23:17:30,084 [MainThread] [INFO ]  Server train time: 21.87907123565674
2024-08-02 23:17:30,085 [MainThread] [INFO ]  --- start testing ---
2024-08-02 23:17:31,554 [MainThread] [INFO ]  Test time 1.47s, Test loss: 0.03, Test accuracy: 69.88%
2024-08-02 23:17:31,641 [MainThread] [INFO ]  Model saved at /home/uceehow/AGDS/baselines/saved_models/_global_model_r_9.pth
2024-08-02 23:17:31,642 [MainThread] [INFO ]  Accuracies: [10.0, 13.05, 42.21, 51.78, 56.8, 60.34, 63.58, 66.68, 67.92, 69.88]
2024-08-02 23:17:31,642 [MainThread] [INFO ]  Cumulative training time: [26.85, 51.16, 75.34, 99.0, 122.82, 146.61, 170.66, 194.63, 218.4, 241.75]
2024-08-02 23:17:31,642 [MainThread] [INFO ]  Total training time 241.8s
