2024-08-02 18:06:14,126 [MainThread] [INFO ]  Configurations: {'task_id': '', 'data': {'root': './datasets', 'dataset': 'custom', 'split_type': 'dir', 'min_size': 10, 'data_amount': 0.05, 'iid_fraction': 0.1, 'user': False, 'train_test_split': 0.9, 'class_per_client': 1, 'num_of_clients': 100, 'alpha': 0.5, 'weights': None}, 'model': 'custom', 'test_mode': 'test_in_server', 'test_method': 'average', 'server': {'track': False, 'rounds': 3, 'clients_per_round': 10, 'test_every': 1, 'save_model_every': 10, 'save_model_path': '', 'batch_size': 32, 'test_all': False, 'random_selection': True, 'aggregation_stragtegy': 'FedAvg', 'aggregation_content': 'all', 'agg_op': 'agas', 'gas_p': 20, 'base_agg': 'FedAvg', 'partitioning_method': 'kmeans'}, 'client': {'track': False, 'batch_size': 32, 'test_batch_size': 5, 'local_epoch': 1, 'optimizer': {'type': 'Adam', 'lr': 0.001, 'momentum': 0.9, 'weight_decay': 0}, 'seed': 0, 'local_test': False}, 'gpu': 1, 'distributed': {'backend': 'nccl', 'init_method': '', 'world_size': 0, 'rank': 0, 'local_rank': 0}, 'tracking': {'database': '', 'log_file': '', 'log_level': 'INFO', 'metric_file': '', 'save_every': 1}, 'resource_heterogeneous': {'simulate': False, 'hetero_type': 'real', 'level': 3, 'sleep_group_num': 1000, 'total_time': 1000, 'fraction': 1, 'grouping_strategy': 'greedy', 'initial_default_time': 5, 'default_time_momentum': 0.2}, 'seed': 0, 'attacker': {'byz_ratio': 0.2, 'lie': {'lie_z': 1.5}, 'bit_flip': {'flip_prob': 0.1}, 'min_sum': {'min_value': -1}, 'ipm': {'scale_factor': 0.01}}, 'is_distributed': False, 'device': 0}
2024-08-02 18:06:14,138 [MainThread] [INFO ]  Clients in total: 100
2024-08-02 18:06:14,144 [MainThread] [INFO ]  
-------- round 0 --------
2024-08-02 18:06:14,144 [MainThread] [INFO ]  --- start training ---
2024-08-02 18:06:36,461 [MainThread] [INFO ]  Server train time: 22.31601047515869
2024-08-02 18:06:36,462 [MainThread] [INFO ]  --- start testing ---
2024-08-02 18:07:20,748 [MainThread] [INFO ]  Test time 44.28s, Test loss: 0.01, Test accuracy: 74.50%
2024-08-02 18:07:20,749 [MainThread] [INFO ]  
-------- round 1 --------
2024-08-02 18:07:20,749 [MainThread] [INFO ]  --- start training ---
2024-08-02 18:07:41,559 [MainThread] [INFO ]  Server train time: 20.808528184890747
2024-08-02 18:07:41,560 [MainThread] [INFO ]  --- start testing ---
2024-08-02 18:08:24,992 [MainThread] [INFO ]  Test time 43.43s, Test loss: 0.01, Test accuracy: 75.68%
2024-08-02 18:08:24,993 [MainThread] [INFO ]  
-------- round 2 --------
2024-08-02 18:08:24,993 [MainThread] [INFO ]  --- start training ---
2024-08-02 18:08:45,969 [MainThread] [INFO ]  Server train time: 20.97426176071167
2024-08-02 18:08:45,970 [MainThread] [INFO ]  --- start testing ---
2024-08-02 18:09:28,084 [MainThread] [INFO ]  Test time 42.11s, Test loss: 0.01, Test accuracy: 72.79%
2024-08-02 18:09:28,103 [MainThread] [INFO ]  Model saved at /home/uceehow/AGDS/saved_models/_global_model_r_2.pth
2024-08-02 18:09:28,103 [MainThread] [INFO ]  Accuracies: [74.4959, 75.6808, 72.7917]
2024-08-02 18:09:28,103 [MainThread] [INFO ]  Cumulative training time: [66.6, 130.85, 193.94]
2024-08-02 18:09:28,104 [MainThread] [INFO ]  Total training time 194.0s
