2024-08-02 18:15:33,487 [MainThread] [INFO ]  Configurations: {'task_id': '', 'data': {'root': './datasets', 'dataset': 'custom', 'split_type': 'dir', 'min_size': 10, 'data_amount': 0.05, 'iid_fraction': 0.1, 'user': False, 'train_test_split': 0.9, 'class_per_client': 1, 'num_of_clients': 100, 'alpha': 0.5, 'weights': None}, 'model': 'custom', 'test_mode': 'test_in_server', 'test_method': 'average', 'server': {'track': False, 'rounds': 3, 'clients_per_round': 10, 'test_every': 1, 'save_model_every': 10, 'save_model_path': '', 'batch_size': 32, 'test_all': False, 'random_selection': True, 'aggregation_stragtegy': 'FedAvg', 'aggregation_content': 'all', 'agg_op': 'agas', 'gas_p': 20, 'base_agg': 'Bulyan', 'partitioning_method': 'kmeans'}, 'client': {'track': False, 'batch_size': 32, 'test_batch_size': 5, 'local_epoch': 1, 'optimizer': {'type': 'Adam', 'lr': 0.001, 'momentum': 0.9, 'weight_decay': 0}, 'seed': 0, 'local_test': False}, 'gpu': 1, 'distributed': {'backend': 'nccl', 'init_method': '', 'world_size': 0, 'rank': 0, 'local_rank': 0}, 'tracking': {'database': '', 'log_file': '', 'log_level': 'INFO', 'metric_file': '', 'save_every': 1}, 'resource_heterogeneous': {'simulate': False, 'hetero_type': 'real', 'level': 3, 'sleep_group_num': 1000, 'total_time': 1000, 'fraction': 1, 'grouping_strategy': 'greedy', 'initial_default_time': 5, 'default_time_momentum': 0.2}, 'seed': 0, 'attacker': {'byz_ratio': 0.2, 'lie': {'lie_z': 1.5}, 'bit_flip': {'flip_prob': 0.1}, 'min_sum': {'min_value': -1}, 'ipm': {'scale_factor': 0.01}}, 'is_distributed': False, 'device': 0}
2024-08-02 18:15:33,504 [MainThread] [INFO ]  Clients in total: 100
2024-08-02 18:15:33,512 [MainThread] [INFO ]  
-------- round 0 --------
2024-08-02 18:15:33,512 [MainThread] [INFO ]  --- start training ---
2024-08-02 18:15:55,672 [MainThread] [INFO ]  Server train time: 22.15890884399414
2024-08-02 18:15:55,673 [MainThread] [INFO ]  --- start testing ---
2024-08-02 18:16:39,767 [MainThread] [INFO ]  Test time 44.09s, Test loss: 0.01, Test accuracy: 72.84%
2024-08-02 18:16:39,768 [MainThread] [INFO ]  
-------- round 1 --------
2024-08-02 18:16:39,769 [MainThread] [INFO ]  --- start training ---
2024-08-02 18:17:00,820 [MainThread] [INFO ]  Server train time: 21.049171209335327
2024-08-02 18:17:00,820 [MainThread] [INFO ]  --- start testing ---
2024-08-02 18:17:44,483 [MainThread] [INFO ]  Test time 43.66s, Test loss: 0.01, Test accuracy: 75.89%
2024-08-02 18:17:44,484 [MainThread] [INFO ]  
-------- round 2 --------
2024-08-02 18:17:44,485 [MainThread] [INFO ]  --- start training ---
2024-08-02 18:18:05,693 [MainThread] [INFO ]  Server train time: 21.2075355052948
2024-08-02 18:18:05,694 [MainThread] [INFO ]  --- start testing ---
2024-08-02 18:18:50,284 [MainThread] [INFO ]  Test time 44.59s, Test loss: 0.01, Test accuracy: 75.03%
2024-08-02 18:18:50,291 [MainThread] [INFO ]  Model saved at /home/uceehow/AGDS/saved_models/_global_model_r_2.pth
2024-08-02 18:18:50,291 [MainThread] [INFO ]  Accuracies: [72.8367, 75.8874, 75.0283]
2024-08-02 18:18:50,291 [MainThread] [INFO ]  Cumulative training time: [66.26, 130.97, 196.77]
2024-08-02 18:18:50,292 [MainThread] [INFO ]  Total training time 196.8s
