2024-08-02 17:54:01,197 [MainThread] [INFO ]  Configurations: {'task_id': '', 'data': {'root': './datasets', 'dataset': 'custom', 'split_type': 'dir', 'min_size': 10, 'data_amount': 0.05, 'iid_fraction': 0.1, 'user': False, 'train_test_split': 0.9, 'class_per_client': 1, 'num_of_clients': 160, 'alpha': 0.5, 'weights': None}, 'model': 'custom', 'test_mode': 'test_in_server', 'test_method': 'average', 'server': {'track': False, 'rounds': 10, 'clients_per_round': 10, 'test_every': 1, 'save_model_every': 10, 'save_model_path': '', 'batch_size': 32, 'test_all': False, 'random_selection': True, 'aggregation_stragtegy': 'FedAvg', 'aggregation_content': 'all', 'mode': 'agas', 'gas_p': 20, 'base_agg': 'bulyan', 'partitioning_method': 'pca'}, 'client': {'track': False, 'batch_size': 32, 'test_batch_size': 5, 'local_epoch': 1, 'optimizer': {'type': 'Adam', 'lr': 0.001, 'momentum': 0.9, 'weight_decay': 0}, 'seed': 0, 'local_test': False}, 'gpu': 1, 'distributed': {'backend': 'nccl', 'init_method': '', 'world_size': 0, 'rank': 0, 'local_rank': 0}, 'tracking': {'database': '', 'log_file': '', 'log_level': 'INFO', 'metric_file': '', 'save_every': 1}, 'resource_heterogeneous': {'simulate': False, 'hetero_type': 'real', 'level': 3, 'sleep_group_num': 1000, 'total_time': 1000, 'fraction': 1, 'grouping_strategy': 'greedy', 'initial_default_time': 5, 'default_time_momentum': 0.2}, 'seed': 0, 'attacker': {'byz_ratio': 0.2, 'lie_z': 1.5}, 'is_distributed': False, 'device': 0}
2024-08-02 17:54:01,204 [MainThread] [INFO ]  Clients in total: 40
2024-08-02 17:54:01,205 [MainThread] [INFO ]  
-------- round 0 --------
2024-08-02 17:54:01,205 [MainThread] [INFO ]  --- start training ---
2024-08-02 17:54:18,208 [MainThread] [INFO ]  Server train time: 17.00138235092163
2024-08-02 17:54:18,208 [MainThread] [INFO ]  --- start testing ---
2024-08-02 17:54:30,316 [MainThread] [INFO ]  Test time 12.11s, Test loss: 0.01, Test accuracy: 87.68%
2024-08-02 17:54:30,317 [MainThread] [INFO ]  
-------- round 1 --------
2024-08-02 17:54:30,317 [MainThread] [INFO ]  --- start training ---
2024-08-02 17:54:45,516 [MainThread] [INFO ]  Server train time: 15.197799444198608
2024-08-02 17:54:45,517 [MainThread] [INFO ]  --- start testing ---
2024-08-02 17:54:57,740 [MainThread] [INFO ]  Test time 12.22s, Test loss: 0.01, Test accuracy: 87.67%
2024-08-02 17:54:57,740 [MainThread] [INFO ]  
-------- round 2 --------
2024-08-02 17:54:57,741 [MainThread] [INFO ]  --- start training ---
2024-08-02 17:55:12,800 [MainThread] [INFO ]  Server train time: 15.058348894119263
2024-08-02 17:55:12,801 [MainThread] [INFO ]  --- start testing ---
2024-08-02 17:55:24,773 [MainThread] [INFO ]  Test time 11.97s, Test loss: 0.01, Test accuracy: 91.97%
2024-08-02 17:55:24,773 [MainThread] [INFO ]  
-------- round 3 --------
2024-08-02 17:55:24,773 [MainThread] [INFO ]  --- start training ---
2024-08-02 17:55:39,652 [MainThread] [INFO ]  Server train time: 14.87728214263916
2024-08-02 17:55:39,652 [MainThread] [INFO ]  --- start testing ---
2024-08-02 17:55:52,161 [MainThread] [INFO ]  Test time 12.51s, Test loss: 0.02, Test accuracy: 87.68%
2024-08-02 17:55:52,161 [MainThread] [INFO ]  
-------- round 4 --------
2024-08-02 17:55:52,162 [MainThread] [INFO ]  --- start training ---
2024-08-02 17:56:07,205 [MainThread] [INFO ]  Server train time: 15.04213261604309
2024-08-02 17:56:07,205 [MainThread] [INFO ]  --- start testing ---
2024-08-02 17:56:19,716 [MainThread] [INFO ]  Test time 12.51s, Test loss: 0.01, Test accuracy: 87.68%
2024-08-02 17:56:19,716 [MainThread] [INFO ]  
-------- round 5 --------
2024-08-02 17:56:19,717 [MainThread] [INFO ]  --- start training ---
2024-08-02 17:56:34,772 [MainThread] [INFO ]  Server train time: 15.055016040802002
2024-08-02 17:56:34,773 [MainThread] [INFO ]  --- start testing ---
2024-08-02 17:56:47,271 [MainThread] [INFO ]  Test time 12.50s, Test loss: 0.01, Test accuracy: 87.68%
2024-08-02 17:56:47,272 [MainThread] [INFO ]  
-------- round 6 --------
2024-08-02 17:56:47,272 [MainThread] [INFO ]  --- start training ---
2024-08-02 17:57:02,322 [MainThread] [INFO ]  Server train time: 15.048401355743408
2024-08-02 17:57:02,322 [MainThread] [INFO ]  --- start testing ---
2024-08-02 17:57:15,155 [MainThread] [INFO ]  Test time 12.83s, Test loss: 0.01, Test accuracy: 87.67%
2024-08-02 17:57:15,156 [MainThread] [INFO ]  
-------- round 7 --------
2024-08-02 17:57:15,156 [MainThread] [INFO ]  --- start training ---
2024-08-02 17:57:30,865 [MainThread] [INFO ]  Server train time: 15.707250356674194
2024-08-02 17:57:30,866 [MainThread] [INFO ]  --- start testing ---
2024-08-02 17:57:42,924 [MainThread] [INFO ]  Test time 12.06s, Test loss: 0.01, Test accuracy: 87.68%
2024-08-02 17:57:42,925 [MainThread] [INFO ]  
-------- round 8 --------
2024-08-02 17:57:42,925 [MainThread] [INFO ]  --- start training ---
2024-08-02 17:57:58,284 [MainThread] [INFO ]  Server train time: 15.357378244400024
2024-08-02 17:57:58,284 [MainThread] [INFO ]  --- start testing ---
2024-08-02 17:58:10,540 [MainThread] [INFO ]  Test time 12.26s, Test loss: 0.01, Test accuracy: 87.68%
2024-08-02 17:58:10,540 [MainThread] [INFO ]  
-------- round 9 --------
2024-08-02 17:58:10,540 [MainThread] [INFO ]  --- start training ---
2024-08-02 17:58:25,687 [MainThread] [INFO ]  Server train time: 15.145828008651733
2024-08-02 17:58:25,688 [MainThread] [INFO ]  --- start testing ---
2024-08-02 17:58:38,299 [MainThread] [INFO ]  Test time 12.61s, Test loss: 0.01, Test accuracy: 87.68%
2024-08-02 17:58:38,304 [MainThread] [INFO ]  Model saved at /home/uceehow/AGDS/saved_models/_global_model_r_9.pth
2024-08-02 17:58:38,305 [MainThread] [INFO ]  Accuracies: [87.6769, 87.6708, 91.9749, 87.6769, 87.6769, 87.6769, 87.672, 87.6757, 87.6757, 87.6769]
2024-08-02 17:58:38,305 [MainThread] [INFO ]  Cumulative training time: [29.11, 56.54, 83.57, 110.96, 138.51, 166.07, 193.95, 221.72, 249.34, 277.09]
2024-08-02 17:58:38,306 [MainThread] [INFO ]  Total training time 277.1s
